0 info it worked if it ends with ok
1 verbose cli [ 'D:\\installed programs\\nodejs\\node.exe',
1 verbose cli   'D:\\installed programs\\nodejs\\node_modules\\npm\\bin\\npm-cli.js',
1 verbose cli   'install' ]
2 info using npm@3.10.10
3 info using node@v6.11.2
4 silly loadCurrentTree Starting
5 silly install loadCurrentTree
6 silly install readLocalPackageData
7 silly install normalizeTree
8 silly loadCurrentTree Finishing
9 silly loadIdealTree Starting
10 silly install loadIdealTree
11 silly cloneCurrentTree Starting
12 silly install cloneCurrentTreeToIdealTree
13 silly cloneCurrentTree Finishing
14 silly loadShrinkwrap Starting
15 silly install loadShrinkwrap
16 silly loadShrinkwrap Finishing
17 silly loadAllDepsIntoIdealTree Starting
18 silly install loadAllDepsIntoIdealTree
19 silly fetchNamedPackageData fsevents
20 silly mapToRegistry name fsevents
21 silly mapToRegistry using default registry
22 silly mapToRegistry registry https://registry.npmjs.org/
23 silly mapToRegistry data Result {
23 silly mapToRegistry   raw: 'fsevents',
23 silly mapToRegistry   scope: null,
23 silly mapToRegistry   escapedName: 'fsevents',
23 silly mapToRegistry   name: 'fsevents',
23 silly mapToRegistry   rawSpec: '',
23 silly mapToRegistry   spec: 'latest',
23 silly mapToRegistry   type: 'tag' }
24 silly mapToRegistry uri https://registry.npmjs.org/fsevents
25 verbose request uri https://registry.npmjs.org/fsevents
26 verbose request no auth needed
27 info attempt registry request try #1 at 13:54:38
28 verbose request id 9c996a28c82a5d84
29 http request GET https://registry.npmjs.org/fsevents
30 http 200 https://registry.npmjs.org/fsevents
31 verbose headers { 'content-type': 'application/json; charset=UTF-8',
31 verbose headers   server: 'UploadServer',
31 verbose headers   'cache-control': 'max-age=300',
31 verbose headers   'last-modified': 'Sun, 11 Feb 2018 2:13:50 GMT',
31 verbose headers   etag: '"5a7fa6de-e526"',
31 verbose headers   'x-npm-region': 'EU-East',
31 verbose headers   'content-encoding': 'gzip',
31 verbose headers   'content-length': '7304',
31 verbose headers   'accept-ranges': 'bytes',
31 verbose headers   date: 'Mon, 05 Mar 2018 10:54:39 GMT',
31 verbose headers   via: '1.1 varnish',
31 verbose headers   age: '5133',
31 verbose headers   connection: 'keep-alive',
31 verbose headers   'x-served-by': 'cache-hhn1548-HHN',
31 verbose headers   'x-cache': 'HIT',
31 verbose headers   'x-cache-hits': '330',
31 verbose headers   'x-timer': 'S1520247279.368539,VS0,VE0',
31 verbose headers   vary: 'Accept-Encoding, Accept' }
32 silly get cb [ 200,
32 silly get   { 'content-type': 'application/json; charset=UTF-8',
32 silly get     server: 'UploadServer',
32 silly get     'cache-control': 'max-age=300',
32 silly get     'last-modified': 'Sun, 11 Feb 2018 2:13:50 GMT',
32 silly get     etag: '"5a7fa6de-e526"',
32 silly get     'x-npm-region': 'EU-East',
32 silly get     'content-encoding': 'gzip',
32 silly get     'content-length': '7304',
32 silly get     'accept-ranges': 'bytes',
32 silly get     date: 'Mon, 05 Mar 2018 10:54:39 GMT',
32 silly get     via: '1.1 varnish',
32 silly get     age: '5133',
32 silly get     connection: 'keep-alive',
32 silly get     'x-served-by': 'cache-hhn1548-HHN',
32 silly get     'x-cache': 'HIT',
32 silly get     'x-cache-hits': '330',
32 silly get     'x-timer': 'S1520247279.368539,VS0,VE0',
32 silly get     vary: 'Accept-Encoding, Accept' } ]
33 verbose get saving fsevents to C:\Users\pavel.pontus\AppData\Roaming\npm-cache\registry.npmjs.org\fsevents\.cache.json
34 verbose correctMkdir C:\Users\pavel.pontus\AppData\Roaming\npm-cache correctMkdir not in flight; initializing
35 verbose makeDirectory C:\Users\pavel.pontus\AppData\Roaming\npm-cache creation not in flight; initializing
36 verbose makeCacheDir UID & GID are irrelevant on win32
37 silly resolveWithNewModule fsevents@1.1.3 checking installable status
38 silly loadAllDepsIntoIdealTree Finishing
39 silly loadIdealTree Finishing
40 silly currentTree web@0.0.0
40 silly currentTree +-- @angular-devkit/build-optimizer@0.0.40
40 silly currentTree | `-- typescript@2.6.2
40 silly currentTree +-- @angular-devkit/core@0.0.20
40 silly currentTree +-- @angular-devkit/schematics@0.0.34
40 silly currentTree +-- @angular/animations@4.4.6
40 silly currentTree +-- @angular/cli@1.4.10
40 silly currentTree +-- @angular/common@4.4.6
40 silly currentTree +-- @angular/compiler-cli@4.4.6
40 silly currentTree +-- @angular/compiler@4.4.6
40 silly currentTree +-- @angular/core@4.4.6
40 silly currentTree +-- @angular/forms@4.4.6
40 silly currentTree +-- @angular/http@4.4.6
40 silly currentTree +-- @angular/language-service@4.4.6
40 silly currentTree +-- @angular/platform-browser-dynamic@4.4.6
40 silly currentTree +-- @angular/platform-browser@4.4.6
40 silly currentTree +-- @angular/platform-server@4.4.6
40 silly currentTree +-- @angular/router@4.4.6
40 silly currentTree +-- @angular/tsc-wrapped@4.4.6
40 silly currentTree +-- @ngtools/json-schema@1.1.0
40 silly currentTree +-- @ngtools/webpack@1.7.5
40 silly currentTree +-- @schematics/angular@0.0.49
40 silly currentTree +-- @types/core-js@0.9.46
40 silly currentTree +-- @types/jasmine@2.5.54
40 silly currentTree +-- @types/jasminewd2@2.0.3
40 silly currentTree +-- @types/node@6.0.101
40 silly currentTree +-- @types/q@0.0.32
40 silly currentTree +-- @types/selenium-webdriver@2.53.43
40 silly currentTree +-- abbrev@1.1.1
40 silly currentTree +-- accepts@1.3.4
40 silly currentTree +-- acorn-dynamic-import@2.0.2
40 silly currentTree | `-- acorn@4.0.13
40 silly currentTree +-- acorn@5.4.1
40 silly currentTree +-- adm-zip@0.4.7
40 silly currentTree +-- after@0.8.2
40 silly currentTree +-- agent-base@2.1.1
40 silly currentTree | `-- semver@5.0.3
40 silly currentTree +-- ajv-keywords@3.1.0
40 silly currentTree +-- ajv@5.5.2
40 silly currentTree +-- align-text@0.1.4
40 silly currentTree +-- alphanum-sort@1.0.2
40 silly currentTree +-- amdefine@1.0.1
40 silly currentTree +-- angular-4-data-table-bootstrap-4@0.2.0
40 silly currentTree | +-- @types/node@8.0.58
40 silly currentTree | `-- ts-node@3.3.0
40 silly currentTree +-- ansi-html@0.0.7
40 silly currentTree +-- ansi-regex@2.1.1
40 silly currentTree +-- ansi-styles@2.2.1
40 silly currentTree +-- anymatch@1.3.2
40 silly currentTree +-- app-root-path@2.0.1
40 silly currentTree +-- append-transform@0.4.0
40 silly currentTree +-- aproba@1.2.0
40 silly currentTree +-- are-we-there-yet@1.1.4
40 silly currentTree +-- argparse@1.0.10
40 silly currentTree +-- arr-diff@2.0.0
40 silly currentTree +-- arr-flatten@1.1.0
40 silly currentTree +-- array-find-index@1.0.2
40 silly currentTree +-- array-flatten@1.1.1
40 silly currentTree +-- array-slice@0.2.3
40 silly currentTree +-- array-union@1.0.2
40 silly currentTree +-- array-uniq@1.0.3
40 silly currentTree +-- array-unique@0.2.1
40 silly currentTree +-- arraybuffer.slice@0.0.6
40 silly currentTree +-- arrify@1.0.1
40 silly currentTree +-- asap@2.0.6
40 silly currentTree +-- asn1.js@4.10.1
40 silly currentTree +-- asn1@0.2.3
40 silly currentTree +-- assert-plus@0.2.0
40 silly currentTree +-- assert@1.4.1
40 silly currentTree +-- async-each@1.0.1
40 silly currentTree +-- async-foreach@0.1.3
40 silly currentTree +-- async@2.6.0
40 silly currentTree +-- asynckit@0.4.0
40 silly currentTree +-- autoprefixer@6.7.7
40 silly currentTree +-- aws-sign2@0.6.0
40 silly currentTree +-- aws4@1.6.0
40 silly currentTree +-- babel-code-frame@6.26.0
40 silly currentTree | +-- chalk@1.1.3
40 silly currentTree | `-- supports-color@2.0.0
40 silly currentTree +-- babel-generator@6.26.1
40 silly currentTree | `-- jsesc@1.3.0
40 silly currentTree +-- babel-messages@6.23.0
40 silly currentTree +-- babel-runtime@6.26.0
40 silly currentTree +-- babel-template@6.26.0
40 silly currentTree +-- babel-traverse@6.26.0
40 silly currentTree +-- babel-types@6.26.0
40 silly currentTree +-- babylon@6.18.0
40 silly currentTree +-- backo2@1.0.2
40 silly currentTree +-- balanced-match@1.0.0
40 silly currentTree +-- base64-arraybuffer@0.1.5
40 silly currentTree +-- base64-js@1.2.3
40 silly currentTree +-- base64id@1.0.0
40 silly currentTree +-- batch@0.6.1
40 silly currentTree +-- bcrypt-pbkdf@1.0.1
40 silly currentTree +-- better-assert@1.0.2
40 silly currentTree +-- big.js@3.2.0
40 silly currentTree +-- binary-extensions@1.11.0
40 silly currentTree +-- blob@0.0.4
40 silly currentTree +-- block-stream@0.0.9
40 silly currentTree +-- blocking-proxy@0.0.5
40 silly currentTree +-- bluebird@3.5.1
40 silly currentTree +-- bn.js@4.11.8
40 silly currentTree +-- body-parser@1.18.2
40 silly currentTree +-- bonjour@3.5.0
40 silly currentTree | `-- array-flatten@2.1.1
40 silly currentTree +-- boolbase@1.0.0
40 silly currentTree +-- boom@2.10.1
40 silly currentTree +-- bootstrap@4.0.0
40 silly currentTree +-- brace-expansion@1.1.11
40 silly currentTree +-- braces@1.8.5
40 silly currentTree +-- brorand@1.1.0
40 silly currentTree +-- browserify-aes@1.1.1
40 silly currentTree +-- browserify-cipher@1.0.0
40 silly currentTree +-- browserify-des@1.0.0
40 silly currentTree +-- browserify-rsa@4.0.1
40 silly currentTree +-- browserify-sign@4.0.4
40 silly currentTree +-- browserify-zlib@0.2.0
40 silly currentTree +-- browserslist@1.7.7
40 silly currentTree +-- buffer-indexof@1.1.1
40 silly currentTree +-- buffer-xor@1.0.3
40 silly currentTree +-- buffer@4.9.1
40 silly currentTree +-- builtin-modules@1.1.1
40 silly currentTree +-- builtin-status-codes@3.0.0
40 silly currentTree +-- bytes@3.0.0
40 silly currentTree +-- cacache@10.0.4
40 silly currentTree +-- callsite@1.0.0
40 silly currentTree +-- camel-case@3.0.0
40 silly currentTree +-- camelcase-keys@2.1.0
40 silly currentTree +-- camelcase@2.1.1
40 silly currentTree +-- caniuse-api@1.6.1
40 silly currentTree +-- caniuse-db@1.0.30000810
40 silly currentTree +-- caseless@0.12.0
40 silly currentTree +-- center-align@0.1.3
40 silly currentTree | `-- lazy-cache@1.0.4
40 silly currentTree +-- chalk@2.3.1
40 silly currentTree | +-- ansi-styles@3.2.0
40 silly currentTree | +-- has-flag@3.0.0
40 silly currentTree | `-- supports-color@5.2.0
40 silly currentTree +-- charenc@0.0.2
40 silly currentTree +-- chokidar@1.7.0
40 silly currentTree | +-- is-extglob@1.0.0
40 silly currentTree | `-- is-glob@2.0.1
40 silly currentTree +-- chownr@1.0.1
40 silly currentTree +-- cipher-base@1.0.4
40 silly currentTree +-- circular-dependency-plugin@3.0.0
40 silly currentTree +-- clap@1.2.3
40 silly currentTree | +-- chalk@1.1.3
40 silly currentTree | `-- supports-color@2.0.0
40 silly currentTree +-- clean-css@4.1.9
40 silly currentTree +-- cliui@3.2.0
40 silly currentTree +-- clone-deep@0.3.0
40 silly currentTree +-- clone@1.0.3
40 silly currentTree +-- co@4.6.0
40 silly currentTree +-- coa@1.0.4
40 silly currentTree +-- code-point-at@1.1.0
40 silly currentTree +-- codelyzer@3.2.2
40 silly currentTree +-- color-convert@1.9.1
40 silly currentTree +-- color-name@1.1.3
40 silly currentTree +-- color-string@0.3.0
40 silly currentTree +-- color@0.11.4
40 silly currentTree +-- colormin@1.1.2
40 silly currentTree +-- colors@1.1.2
40 silly currentTree +-- combine-lists@1.0.1
40 silly currentTree +-- combined-stream@1.0.6
40 silly currentTree +-- commander@2.14.1
40 silly currentTree +-- common-tags@1.7.2
40 silly currentTree +-- commondir@1.0.1
40 silly currentTree +-- component-bind@1.0.0
40 silly currentTree +-- component-emitter@1.1.2
40 silly currentTree +-- component-inherit@0.0.3
40 silly currentTree +-- compressible@2.0.13
40 silly currentTree +-- compression@1.7.2
40 silly currentTree +-- concat-map@0.0.1
40 silly currentTree +-- concat-stream@1.6.0
40 silly currentTree +-- connect-history-api-fallback@1.5.0
40 silly currentTree +-- connect@3.6.6
40 silly currentTree +-- console-browserify@1.1.0
40 silly currentTree +-- console-control-strings@1.1.0
40 silly currentTree +-- constants-browserify@1.0.0
40 silly currentTree +-- content-disposition@0.5.2
40 silly currentTree +-- content-type@1.0.4
40 silly currentTree +-- convert-source-map@1.5.1
40 silly currentTree +-- cookie-signature@1.0.6
40 silly currentTree +-- cookie@0.3.1
40 silly currentTree +-- copy-concurrently@1.0.5
40 silly currentTree +-- copy-webpack-plugin@4.4.1
40 silly currentTree | `-- loader-utils@0.2.17
40 silly currentTree +-- core-js@2.5.3
40 silly currentTree +-- core-object@3.1.5
40 silly currentTree +-- core-util-is@1.0.2
40 silly currentTree +-- cosmiconfig@2.2.2
40 silly currentTree +-- create-ecdh@4.0.0
40 silly currentTree +-- create-hash@1.1.3
40 silly currentTree +-- create-hmac@1.1.6
40 silly currentTree +-- cross-spawn@3.0.1
40 silly currentTree +-- crypt@0.0.2
40 silly currentTree +-- cryptiles@2.0.5
40 silly currentTree +-- crypto-browserify@3.12.0
40 silly currentTree +-- css-color-names@0.0.4
40 silly currentTree +-- css-loader@0.28.9
40 silly currentTree +-- css-parse@1.7.0
40 silly currentTree +-- css-select@1.2.0
40 silly currentTree +-- css-selector-tokenizer@0.7.0
40 silly currentTree +-- css-what@2.1.0
40 silly currentTree +-- cssauron@1.4.0
40 silly currentTree +-- cssesc@0.1.0
40 silly currentTree +-- cssnano@3.10.0
40 silly currentTree +-- csso@2.3.2
40 silly currentTree +-- currently-unhandled@0.4.1
40 silly currentTree +-- custom-event@1.0.1
40 silly currentTree +-- cyclist@0.2.2
40 silly currentTree +-- d@1.0.0
40 silly currentTree +-- dashdash@1.14.1
40 silly currentTree | `-- assert-plus@1.0.0
40 silly currentTree +-- date-now@0.1.4
40 silly currentTree +-- debug@2.6.9
40 silly currentTree +-- decamelize@1.2.0
40 silly currentTree +-- deep-equal@1.0.1
40 silly currentTree +-- default-require-extensions@1.0.0
40 silly currentTree +-- defined@1.0.0
40 silly currentTree +-- del@3.0.0
40 silly currentTree | `-- globby@6.1.0
40 silly currentTree |   `-- pify@2.3.0
40 silly currentTree +-- delayed-stream@1.0.0
40 silly currentTree +-- delegates@1.0.0
40 silly currentTree +-- denodeify@1.2.1
40 silly currentTree +-- depd@1.1.2
40 silly currentTree +-- des.js@1.0.0
40 silly currentTree +-- destroy@1.0.4
40 silly currentTree +-- detect-indent@4.0.0
40 silly currentTree +-- detect-node@2.0.3
40 silly currentTree +-- di@0.0.1
40 silly currentTree +-- diff@3.4.0
40 silly currentTree +-- diffie-hellman@5.0.2
40 silly currentTree +-- dir-glob@2.0.0
40 silly currentTree +-- directory-encoder@0.7.2
40 silly currentTree | +-- fs-extra@0.23.1
40 silly currentTree | `-- jsonfile@2.4.0
40 silly currentTree +-- dns-equal@1.0.0
40 silly currentTree +-- dns-packet@1.3.1
40 silly currentTree +-- dns-txt@2.0.2
40 silly currentTree +-- dom-converter@0.1.4
40 silly currentTree | `-- utila@0.3.3
40 silly currentTree +-- dom-serialize@2.2.1
40 silly currentTree +-- dom-serializer@0.1.0
40 silly currentTree | `-- domelementtype@1.1.3
40 silly currentTree +-- domain-browser@1.2.0
40 silly currentTree +-- domelementtype@1.3.0
40 silly currentTree +-- domhandler@2.1.0
40 silly currentTree +-- domutils@1.5.1
40 silly currentTree +-- duplexify@3.5.3
40 silly currentTree +-- ecc-jsbn@0.1.1
40 silly currentTree +-- ee-first@1.1.1
40 silly currentTree +-- ejs@2.5.7
40 silly currentTree +-- electron-to-chromium@1.3.33
40 silly currentTree +-- elliptic@6.4.0
40 silly currentTree +-- ember-cli-string-utils@1.1.0
40 silly currentTree +-- emojis-list@2.1.0
40 silly currentTree +-- encodeurl@1.0.2
40 silly currentTree +-- end-of-stream@1.4.1
40 silly currentTree +-- engine.io-client@1.8.3
40 silly currentTree | +-- component-emitter@1.2.1
40 silly currentTree | +-- debug@2.3.3
40 silly currentTree | `-- ms@0.7.2
40 silly currentTree +-- engine.io-parser@1.3.2
40 silly currentTree +-- engine.io@1.8.3
40 silly currentTree | +-- accepts@1.3.3
40 silly currentTree | +-- debug@2.3.3
40 silly currentTree | `-- ms@0.7.2
40 silly currentTree +-- enhanced-resolve@3.4.1
40 silly currentTree +-- ent@2.2.0
40 silly currentTree +-- entities@1.1.1
40 silly currentTree +-- errno@0.1.7
40 silly currentTree +-- error-ex@1.3.1
40 silly currentTree +-- es5-ext@0.10.39
40 silly currentTree +-- es6-iterator@2.0.3
40 silly currentTree +-- es6-map@0.1.5
40 silly currentTree +-- es6-set@0.1.5
40 silly currentTree +-- es6-symbol@3.1.1
40 silly currentTree +-- es6-weak-map@2.0.2
40 silly currentTree +-- escape-html@1.0.3
40 silly currentTree +-- escape-string-regexp@1.0.5
40 silly currentTree +-- escope@3.6.0
40 silly currentTree +-- esprima@2.7.3
40 silly currentTree +-- esrecurse@4.2.0
40 silly currentTree +-- estraverse@4.2.0
40 silly currentTree +-- esutils@2.0.2
40 silly currentTree +-- etag@1.8.1
40 silly currentTree +-- event-emitter@0.3.5
40 silly currentTree +-- eventemitter3@1.2.0
40 silly currentTree +-- events@1.1.1
40 silly currentTree +-- eventsource@0.1.6
40 silly currentTree +-- evp_bytestokey@1.0.3
40 silly currentTree +-- execa@0.7.0
40 silly currentTree | `-- cross-spawn@5.1.0
40 silly currentTree +-- exit@0.1.2
40 silly currentTree +-- expand-braces@0.1.2
40 silly currentTree | +-- braces@0.1.5
40 silly currentTree | +-- expand-range@0.1.1
40 silly currentTree | +-- is-number@0.1.1
40 silly currentTree | `-- repeat-string@0.2.2
40 silly currentTree +-- expand-brackets@0.1.5
40 silly currentTree +-- expand-range@1.8.2
40 silly currentTree +-- exports-loader@0.6.4
40 silly currentTree +-- express@4.16.2
40 silly currentTree +-- extend@3.0.1
40 silly currentTree +-- extglob@0.3.2
40 silly currentTree | `-- is-extglob@1.0.0
40 silly currentTree +-- extract-text-webpack-plugin@3.0.0
40 silly currentTree +-- extsprintf@1.3.0
40 silly currentTree +-- fast-deep-equal@1.0.0
40 silly currentTree +-- fast-json-stable-stringify@2.0.0
40 silly currentTree +-- fastparse@1.1.1
40 silly currentTree +-- faye-websocket@0.10.0
40 silly currentTree +-- file-loader@1.1.9
40 silly currentTree | +-- ajv@6.1.1
40 silly currentTree | `-- schema-utils@0.4.5
40 silly currentTree +-- filename-regex@2.0.1
40 silly currentTree +-- fileset@2.0.3
40 silly currentTree +-- fill-range@2.2.3
40 silly currentTree | `-- isobject@2.1.0
40 silly currentTree +-- finalhandler@1.1.0
40 silly currentTree +-- find-cache-dir@1.0.0
40 silly currentTree +-- find-up@2.1.0
40 silly currentTree +-- flatten@1.0.2
40 silly currentTree +-- flush-write-stream@1.0.2
40 silly currentTree +-- font-awesome@4.7.0
40 silly currentTree +-- for-in@1.0.2
40 silly currentTree +-- for-own@1.0.0
40 silly currentTree +-- forever-agent@0.6.1
40 silly currentTree +-- form-data@2.1.4
40 silly currentTree +-- forwarded@0.1.2
40 silly currentTree +-- fresh@0.5.2
40 silly currentTree +-- from2@2.3.0
40 silly currentTree +-- fs-access@1.0.1
40 silly currentTree +-- fs-extra@4.0.3
40 silly currentTree +-- fs-write-stream-atomic@1.0.10
40 silly currentTree +-- fs.realpath@1.0.0
40 silly currentTree +-- fstream@1.0.11
40 silly currentTree +-- function-bind@1.1.1
40 silly currentTree +-- gauge@2.7.4
40 silly currentTree +-- gaze@1.1.2
40 silly currentTree +-- generate-function@2.0.0
40 silly currentTree +-- generate-object-property@1.2.0
40 silly currentTree +-- get-caller-file@1.0.2
40 silly currentTree +-- get-stdin@4.0.1
40 silly currentTree +-- get-stream@3.0.0
40 silly currentTree +-- getpass@0.1.7
40 silly currentTree | `-- assert-plus@1.0.0
40 silly currentTree +-- glob-base@0.3.0
40 silly currentTree | +-- is-extglob@1.0.0
40 silly currentTree | `-- is-glob@2.0.1
40 silly currentTree +-- glob-parent@2.0.0
40 silly currentTree | +-- is-extglob@1.0.0
40 silly currentTree | `-- is-glob@2.0.1
40 silly currentTree +-- glob@7.1.2
40 silly currentTree +-- globals@9.18.0
40 silly currentTree +-- globby@7.1.1
40 silly currentTree +-- globule@1.2.0
40 silly currentTree +-- graceful-fs@4.1.11
40 silly currentTree +-- hammerjs@2.0.8
40 silly currentTree +-- handle-thing@1.2.5
40 silly currentTree +-- handlebars@1.3.0
40 silly currentTree | +-- async@0.2.10
40 silly currentTree | +-- source-map@0.1.43
40 silly currentTree | `-- uglify-js@2.3.6
40 silly currentTree +-- har-schema@1.0.5
40 silly currentTree +-- har-validator@4.2.1
40 silly currentTree | `-- ajv@4.11.8
40 silly currentTree +-- has-ansi@2.0.0
40 silly currentTree +-- has-binary@0.1.7
40 silly currentTree | `-- isarray@0.0.1
40 silly currentTree +-- has-cors@1.1.0
40 silly currentTree +-- has-flag@1.0.0
40 silly currentTree +-- has-unicode@2.0.1
40 silly currentTree +-- has@1.0.1
40 silly currentTree +-- hash-base@2.0.2
40 silly currentTree +-- hash.js@1.1.3
40 silly currentTree +-- hawk@3.1.3
40 silly currentTree +-- he@1.1.1
40 silly currentTree +-- hls.js@0.8.9
40 silly currentTree +-- hmac-drbg@1.0.1
40 silly currentTree +-- hoek@2.16.3
40 silly currentTree +-- homedir-polyfill@1.0.1
40 silly currentTree +-- hosted-git-info@2.5.0
40 silly currentTree +-- hpack.js@2.1.6
40 silly currentTree +-- html-comment-regex@1.1.1
40 silly currentTree +-- html-entities@1.2.1
40 silly currentTree +-- html-minifier@3.5.9
40 silly currentTree +-- html-webpack-plugin@2.30.1
40 silly currentTree | `-- loader-utils@0.2.17
40 silly currentTree +-- htmlparser2@3.3.0
40 silly currentTree | +-- domutils@1.1.6
40 silly currentTree | +-- isarray@0.0.1
40 silly currentTree | +-- readable-stream@1.0.34
40 silly currentTree | `-- string_decoder@0.10.31
40 silly currentTree +-- http-deceiver@1.2.7
40 silly currentTree +-- http-errors@1.6.2
40 silly currentTree | +-- depd@1.1.1
40 silly currentTree | `-- setprototypeof@1.0.3
40 silly currentTree +-- http-parser-js@0.4.10
40 silly currentTree +-- http-proxy-middleware@0.17.4
40 silly currentTree | `-- is-glob@3.1.0
40 silly currentTree +-- http-proxy@1.16.2
40 silly currentTree +-- http-signature@1.1.1
40 silly currentTree +-- https-browserify@1.0.0
40 silly currentTree +-- https-proxy-agent@1.0.0
40 silly currentTree +-- iconv-lite@0.4.19
40 silly currentTree +-- icss-replace-symbols@1.1.0
40 silly currentTree +-- icss-utils@2.1.0
40 silly currentTree | +-- has-flag@3.0.0
40 silly currentTree | +-- postcss@6.0.19
40 silly currentTree | +-- source-map@0.6.1
40 silly currentTree | `-- supports-color@5.2.0
40 silly currentTree +-- ieee754@1.1.8
40 silly currentTree +-- iferr@0.1.5
40 silly currentTree +-- ignore@3.3.7
40 silly currentTree +-- image-size@0.5.5
40 silly currentTree +-- img-stats@0.5.2
40 silly currentTree +-- imurmurhash@0.1.4
40 silly currentTree +-- in-publish@2.0.0
40 silly currentTree +-- indent-string@2.1.0
40 silly currentTree +-- indexes-of@1.0.1
40 silly currentTree +-- indexof@0.0.1
40 silly currentTree +-- inflight@1.0.6
40 silly currentTree +-- inherits@2.0.3
40 silly currentTree +-- ini@1.3.5
40 silly currentTree +-- internal-ip@1.2.0
40 silly currentTree +-- interpret@1.1.0
40 silly currentTree +-- invariant@2.2.3
40 silly currentTree +-- invert-kv@1.0.0
40 silly currentTree +-- ip@1.1.5
40 silly currentTree +-- ipaddr.js@1.6.0
40 silly currentTree +-- is-absolute-url@2.1.0
40 silly currentTree +-- is-arrayish@0.2.1
40 silly currentTree +-- is-binary-path@1.0.1
40 silly currentTree +-- is-buffer@1.1.6
40 silly currentTree +-- is-builtin-module@1.0.0
40 silly currentTree +-- is-directory@0.3.1
40 silly currentTree +-- is-dotfile@1.0.3
40 silly currentTree +-- is-equal-shallow@0.1.3
40 silly currentTree +-- is-extendable@0.1.1
40 silly currentTree +-- is-extglob@2.1.1
40 silly currentTree +-- is-finite@1.0.2
40 silly currentTree +-- is-fullwidth-code-point@1.0.0
40 silly currentTree +-- is-glob@4.0.0
40 silly currentTree +-- is-my-ip-valid@1.0.0
40 silly currentTree +-- is-my-json-valid@2.17.2
40 silly currentTree +-- is-number@2.1.0
40 silly currentTree +-- is-path-cwd@1.0.0
40 silly currentTree +-- is-path-in-cwd@1.0.0
40 silly currentTree +-- is-path-inside@1.0.1
40 silly currentTree +-- is-plain-obj@1.1.0
40 silly currentTree +-- is-plain-object@2.0.4
40 silly currentTree +-- is-posix-bracket@0.1.1
40 silly currentTree +-- is-primitive@2.0.0
40 silly currentTree +-- is-property@1.0.2
40 silly currentTree +-- is-stream@1.1.0
40 silly currentTree +-- is-svg@2.1.0
40 silly currentTree +-- is-typedarray@1.0.0
40 silly currentTree +-- is-utf8@0.2.1
40 silly currentTree +-- is-wsl@1.1.0
40 silly currentTree +-- isarray@1.0.0
40 silly currentTree +-- isbinaryfile@3.0.2
40 silly currentTree +-- isexe@2.0.0
40 silly currentTree +-- isobject@3.0.1
40 silly currentTree +-- isstream@0.1.2
40 silly currentTree +-- istanbul-api@1.2.2
40 silly currentTree +-- istanbul-instrumenter-loader@2.0.0
40 silly currentTree | `-- loader-utils@0.2.17
40 silly currentTree +-- istanbul-lib-coverage@1.1.2
40 silly currentTree +-- istanbul-lib-hook@1.1.0
40 silly currentTree +-- istanbul-lib-instrument@1.9.2
40 silly currentTree +-- istanbul-lib-report@1.1.3
40 silly currentTree +-- istanbul-lib-source-maps@1.2.3
40 silly currentTree | `-- debug@3.1.0
40 silly currentTree +-- istanbul-reports@1.1.4
40 silly currentTree | +-- async@1.5.2
40 silly currentTree | +-- camelcase@1.2.1
40 silly currentTree | +-- cliui@2.1.0
40 silly currentTree | | `-- wordwrap@0.0.2
40 silly currentTree | +-- handlebars@4.0.11
40 silly currentTree | +-- minimist@0.0.10
40 silly currentTree | +-- optimist@0.6.1
40 silly currentTree | +-- source-map@0.4.4
40 silly currentTree | +-- uglify-js@2.8.29
40 silly currentTree | | `-- source-map@0.5.7
40 silly currentTree | `-- yargs@3.10.0
40 silly currentTree +-- jasmine-core@2.6.4
40 silly currentTree +-- jasmine-spec-reporter@4.1.1
40 silly currentTree +-- jasmine@2.99.0
40 silly currentTree | `-- jasmine-core@2.99.1
40 silly currentTree +-- jasminewd2@2.2.0
40 silly currentTree +-- js-base64@2.4.3
40 silly currentTree +-- js-tokens@3.0.2
40 silly currentTree +-- js-yaml@3.7.0
40 silly currentTree +-- jsbn@0.1.1
40 silly currentTree +-- jsesc@0.5.0
40 silly currentTree +-- json-loader@0.5.7
40 silly currentTree +-- json-schema-traverse@0.3.1
40 silly currentTree +-- json-schema@0.2.3
40 silly currentTree +-- json-stable-stringify@1.0.1
40 silly currentTree +-- json-stringify-safe@5.0.1
40 silly currentTree +-- json3@3.3.2
40 silly currentTree +-- json5@0.5.1
40 silly currentTree +-- jsonfile@4.0.0
40 silly currentTree +-- jsonify@0.0.0
40 silly currentTree +-- jsonpointer@4.0.1
40 silly currentTree +-- jsprim@1.4.1
40 silly currentTree | `-- assert-plus@1.0.0
40 silly currentTree +-- jwt-decode@2.2.0
40 silly currentTree +-- karma-chrome-launcher@2.1.1
40 silly currentTree +-- karma-cli@1.0.1
40 silly currentTree +-- karma-coverage-istanbul-reporter@1.4.1
40 silly currentTree +-- karma-jasmine-html-reporter@0.2.2
40 silly currentTree +-- karma-jasmine@1.1.1
40 silly currentTree +-- karma-source-map-support@1.2.0
40 silly currentTree +-- karma@1.7.1
40 silly currentTree | +-- lodash@3.10.1
40 silly currentTree | +-- minimist@0.0.10
40 silly currentTree | `-- optimist@0.6.1
40 silly currentTree +-- kind-of@3.2.2
40 silly currentTree +-- lazy-cache@0.2.7
40 silly currentTree +-- lcid@1.0.0
40 silly currentTree +-- less-loader@4.0.5
40 silly currentTree | +-- clone@2.1.1
40 silly currentTree | `-- pify@2.3.0
40 silly currentTree +-- less@2.7.3
40 silly currentTree +-- license-webpack-plugin@1.1.1
40 silly currentTree +-- load-json-file@1.1.0
40 silly currentTree | `-- pify@2.3.0
40 silly currentTree +-- loader-runner@2.3.0
40 silly currentTree +-- loader-utils@1.1.0
40 silly currentTree +-- locate-path@2.0.0
40 silly currentTree +-- lodash.assign@4.2.0
40 silly currentTree +-- lodash.camelcase@4.3.0
40 silly currentTree +-- lodash.clonedeep@4.5.0
40 silly currentTree +-- lodash.memoize@4.1.2
40 silly currentTree +-- lodash.mergewith@4.6.1
40 silly currentTree +-- lodash.tail@4.1.1
40 silly currentTree +-- lodash.uniq@4.5.0
40 silly currentTree +-- lodash@4.17.5
40 silly currentTree +-- log4js@0.6.38
40 silly currentTree | +-- isarray@0.0.1
40 silly currentTree | +-- readable-stream@1.0.34
40 silly currentTree | +-- semver@4.3.6
40 silly currentTree | `-- string_decoder@0.10.31
40 silly currentTree +-- loglevel@1.6.1
40 silly currentTree +-- longest@1.0.1
40 silly currentTree +-- loose-envify@1.3.1
40 silly currentTree +-- loud-rejection@1.6.0
40 silly currentTree +-- lower-case@1.1.4
40 silly currentTree +-- lru-cache@4.1.1
40 silly currentTree +-- macaddress@0.2.8
40 silly currentTree +-- magic-string@0.22.4
40 silly currentTree +-- make-dir@1.2.0
40 silly currentTree +-- make-error@1.3.4
40 silly currentTree +-- map-obj@1.0.1
40 silly currentTree +-- math-expression-evaluator@1.2.17
40 silly currentTree +-- md5.js@1.3.4
40 silly currentTree | `-- hash-base@3.0.4
40 silly currentTree +-- md5@2.2.1
40 silly currentTree +-- media-typer@0.3.0
40 silly currentTree +-- mem@1.1.0
40 silly currentTree +-- memory-fs@0.4.1
40 silly currentTree +-- meow@3.7.0
40 silly currentTree +-- merge-descriptors@1.0.1
40 silly currentTree +-- methods@1.1.2
40 silly currentTree +-- micromatch@2.3.11
40 silly currentTree | +-- is-extglob@1.0.0
40 silly currentTree | `-- is-glob@2.0.1
40 silly currentTree +-- miller-rabin@4.0.1
40 silly currentTree +-- mime-db@1.33.0
40 silly currentTree +-- mime-types@2.1.18
40 silly currentTree +-- mime@1.4.1
40 silly currentTree +-- mimic-fn@1.2.0
40 silly currentTree +-- minimalistic-assert@1.0.0
40 silly currentTree +-- minimalistic-crypto-utils@1.0.1
40 silly currentTree +-- minimatch@3.0.4
40 silly currentTree +-- minimist@1.2.0
40 silly currentTree +-- mississippi@2.0.0
40 silly currentTree +-- mixin-object@2.0.1
40 silly currentTree | `-- for-in@0.1.8
40 silly currentTree +-- mkdirp@0.5.1
40 silly currentTree | `-- minimist@0.0.8
40 silly currentTree +-- move-concurrently@1.0.1
40 silly currentTree +-- ms@2.0.0
40 silly currentTree +-- multicast-dns-service-types@1.1.0
40 silly currentTree +-- multicast-dns@6.2.3
40 silly currentTree +-- nan@2.8.0
40 silly currentTree +-- ncname@1.0.0
40 silly currentTree +-- negotiator@0.6.1
40 silly currentTree +-- ngx-bootstrap@2.0.2
40 silly currentTree +-- ngx-carousel@1.3.5
40 silly currentTree +-- no-case@2.3.2
40 silly currentTree +-- node-forge@0.7.1
40 silly currentTree +-- node-gyp@3.6.2
40 silly currentTree | +-- nopt@3.0.6
40 silly currentTree | `-- semver@5.3.0
40 silly currentTree +-- node-libs-browser@2.1.0
40 silly currentTree +-- node-modules-path@1.0.1
40 silly currentTree +-- node-sass@4.7.2
40 silly currentTree | +-- caseless@0.11.0
40 silly currentTree | +-- chalk@1.1.3
40 silly currentTree | +-- har-validator@2.0.6
40 silly currentTree | +-- qs@6.3.2
40 silly currentTree | +-- request@2.79.0
40 silly currentTree | +-- supports-color@2.0.0
40 silly currentTree | `-- tunnel-agent@0.4.3
40 silly currentTree +-- nopt@4.0.1
40 silly currentTree +-- normalize-package-data@2.4.0
40 silly currentTree +-- normalize-path@2.1.1
40 silly currentTree +-- normalize-range@0.1.2
40 silly currentTree +-- normalize-url@1.9.1
40 silly currentTree +-- npm-run-path@2.0.2
40 silly currentTree +-- npmlog@4.1.2
40 silly currentTree +-- nth-check@1.0.1
40 silly currentTree +-- null-check@1.0.0
40 silly currentTree +-- num2fraction@1.2.2
40 silly currentTree +-- number-is-nan@1.0.1
40 silly currentTree +-- oauth-sign@0.8.2
40 silly currentTree +-- object-assign@4.1.1
40 silly currentTree +-- object-component@0.0.3
40 silly currentTree +-- object.omit@2.0.1
40 silly currentTree | `-- for-own@0.1.5
40 silly currentTree +-- obuf@1.1.1
40 silly currentTree +-- on-finished@2.3.0
40 silly currentTree +-- on-headers@1.0.1
40 silly currentTree +-- once@1.4.0
40 silly currentTree +-- opn@5.1.0
40 silly currentTree +-- optimist@0.3.7
40 silly currentTree +-- options@0.0.6
40 silly currentTree +-- original@1.0.0
40 silly currentTree | `-- url-parse@1.0.5
40 silly currentTree +-- os-browserify@0.3.0
40 silly currentTree +-- os-homedir@1.0.2
40 silly currentTree +-- os-locale@1.4.0
40 silly currentTree +-- os-tmpdir@1.0.2
40 silly currentTree +-- osenv@0.1.5
40 silly currentTree +-- p-finally@1.0.0
40 silly currentTree +-- p-limit@1.2.0
40 silly currentTree +-- p-locate@2.0.0
40 silly currentTree +-- p-map@1.2.0
40 silly currentTree +-- p-try@1.0.0
40 silly currentTree +-- pako@1.0.6
40 silly currentTree +-- parallel-transform@1.1.0
40 silly currentTree +-- param-case@2.1.1
40 silly currentTree +-- parse-asn1@5.1.0
40 silly currentTree +-- parse-glob@3.0.4
40 silly currentTree | +-- is-extglob@1.0.0
40 silly currentTree | `-- is-glob@2.0.1
40 silly currentTree +-- parse-json@2.2.0
40 silly currentTree +-- parse-passwd@1.0.0
40 silly currentTree +-- parse5@3.0.3
40 silly currentTree +-- parsejson@0.0.3
40 silly currentTree +-- parseqs@0.0.5
40 silly currentTree +-- parseuri@0.0.5
40 silly currentTree +-- parseurl@1.3.2
40 silly currentTree +-- path-browserify@0.0.0
40 silly currentTree +-- path-exists@3.0.0
40 silly currentTree +-- path-is-absolute@1.0.1
40 silly currentTree +-- path-is-inside@1.0.2
40 silly currentTree +-- path-key@2.0.1
40 silly currentTree +-- path-parse@1.0.5
40 silly currentTree +-- path-to-regexp@0.1.7
40 silly currentTree +-- path-type@3.0.0
40 silly currentTree +-- pbkdf2@3.0.14
40 silly currentTree +-- performance-now@0.2.0
40 silly currentTree +-- pify@3.0.0
40 silly currentTree +-- pinkie-promise@2.0.1
40 silly currentTree +-- pinkie@2.0.4
40 silly currentTree +-- pkg-dir@2.0.0
40 silly currentTree +-- portfinder@1.0.13
40 silly currentTree | `-- async@1.5.2
40 silly currentTree +-- postcss-calc@5.3.1
40 silly currentTree +-- postcss-colormin@2.2.2
40 silly currentTree +-- postcss-convert-values@2.6.1
40 silly currentTree +-- postcss-discard-comments@2.0.4
40 silly currentTree +-- postcss-discard-duplicates@2.1.0
40 silly currentTree +-- postcss-discard-empty@2.1.0
40 silly currentTree +-- postcss-discard-overridden@0.1.1
40 silly currentTree +-- postcss-discard-unused@2.2.3
40 silly currentTree +-- postcss-filter-plugins@2.0.2
40 silly currentTree +-- postcss-load-config@1.2.0
40 silly currentTree +-- postcss-load-options@1.2.0
40 silly currentTree +-- postcss-load-plugins@2.3.0
40 silly currentTree +-- postcss-loader@1.3.3
40 silly currentTree +-- postcss-merge-idents@2.1.7
40 silly currentTree +-- postcss-merge-longhand@2.0.2
40 silly currentTree +-- postcss-merge-rules@2.1.2
40 silly currentTree +-- postcss-message-helpers@2.0.0
40 silly currentTree +-- postcss-minify-font-values@1.0.5
40 silly currentTree +-- postcss-minify-gradients@1.0.5
40 silly currentTree +-- postcss-minify-params@1.2.2
40 silly currentTree +-- postcss-minify-selectors@2.1.1
40 silly currentTree +-- postcss-modules-extract-imports@1.2.0
40 silly currentTree | +-- has-flag@3.0.0
40 silly currentTree | +-- postcss@6.0.19
40 silly currentTree | +-- source-map@0.6.1
40 silly currentTree | `-- supports-color@5.2.0
40 silly currentTree +-- postcss-modules-local-by-default@1.2.0
40 silly currentTree | +-- has-flag@3.0.0
40 silly currentTree | +-- postcss@6.0.19
40 silly currentTree | +-- source-map@0.6.1
40 silly currentTree | `-- supports-color@5.2.0
40 silly currentTree +-- postcss-modules-scope@1.1.0
40 silly currentTree | +-- has-flag@3.0.0
40 silly currentTree | +-- postcss@6.0.19
40 silly currentTree | +-- source-map@0.6.1
40 silly currentTree | `-- supports-color@5.2.0
40 silly currentTree +-- postcss-modules-values@1.3.0
40 silly currentTree | +-- has-flag@3.0.0
40 silly currentTree | +-- postcss@6.0.19
40 silly currentTree | +-- source-map@0.6.1
40 silly currentTree | `-- supports-color@5.2.0
40 silly currentTree +-- postcss-normalize-charset@1.1.1
40 silly currentTree +-- postcss-normalize-url@3.0.8
40 silly currentTree +-- postcss-ordered-values@2.2.3
40 silly currentTree +-- postcss-reduce-idents@2.4.0
40 silly currentTree +-- postcss-reduce-initial@1.0.1
40 silly currentTree +-- postcss-reduce-transforms@1.0.4
40 silly currentTree +-- postcss-selector-parser@2.2.3
40 silly currentTree +-- postcss-svgo@2.1.6
40 silly currentTree +-- postcss-unique-selectors@2.0.2
40 silly currentTree +-- postcss-url@5.1.2
40 silly currentTree +-- postcss-value-parser@3.3.0
40 silly currentTree +-- postcss-zindex@2.2.0
40 silly currentTree +-- postcss@5.2.18
40 silly currentTree | `-- chalk@1.1.3
40 silly currentTree |   `-- supports-color@2.0.0
40 silly currentTree +-- prepend-http@1.0.4
40 silly currentTree +-- preserve@0.2.0
40 silly currentTree +-- pretty-error@2.1.1
40 silly currentTree +-- process-nextick-args@2.0.0
40 silly currentTree +-- process@0.11.10
40 silly currentTree +-- promise-inflight@1.0.1
40 silly currentTree +-- promise@7.3.1
40 silly currentTree +-- protractor@5.1.2
40 silly currentTree | +-- chalk@1.1.3
40 silly currentTree | +-- del@2.2.2
40 silly currentTree | +-- globby@5.0.0
40 silly currentTree | +-- minimist@0.0.10
40 silly currentTree | +-- optimist@0.6.1
40 silly currentTree | +-- pify@2.3.0
40 silly currentTree | +-- q@1.4.1
40 silly currentTree | +-- supports-color@2.0.0
40 silly currentTree | `-- webdriver-manager@12.0.6
40 silly currentTree |   `-- minimist@1.2.0
40 silly currentTree +-- proxy-addr@2.0.3
40 silly currentTree +-- prr@1.0.1
40 silly currentTree +-- pseudomap@1.0.2
40 silly currentTree +-- public-encrypt@4.0.0
40 silly currentTree +-- pump@2.0.1
40 silly currentTree +-- pumpify@1.4.0
40 silly currentTree +-- punycode@1.4.1
40 silly currentTree +-- q@1.5.1
40 silly currentTree +-- qjobs@1.2.0
40 silly currentTree +-- qs@6.5.1
40 silly currentTree +-- query-string@4.3.4
40 silly currentTree +-- querystring-es3@0.2.1
40 silly currentTree +-- querystring@0.2.0
40 silly currentTree +-- querystringify@0.0.4
40 silly currentTree +-- randomatic@1.1.7
40 silly currentTree | +-- is-number@3.0.0
40 silly currentTree | | `-- kind-of@3.2.2
40 silly currentTree | `-- kind-of@4.0.0
40 silly currentTree +-- randombytes@2.0.6
40 silly currentTree +-- randomfill@1.0.4
40 silly currentTree +-- range-parser@1.2.0
40 silly currentTree +-- raw-body@2.3.2
40 silly currentTree +-- raw-loader@0.5.1
40 silly currentTree +-- read-pkg-up@1.0.1
40 silly currentTree | +-- find-up@1.1.2
40 silly currentTree | `-- path-exists@2.1.0
40 silly currentTree +-- read-pkg@1.1.0
40 silly currentTree | +-- path-type@1.1.0
40 silly currentTree | `-- pify@2.3.0
40 silly currentTree +-- readable-stream@2.3.4
40 silly currentTree +-- readdirp@2.1.0
40 silly currentTree +-- redent@1.0.0
40 silly currentTree +-- reduce-css-calc@1.3.0
40 silly currentTree | `-- balanced-match@0.4.2
40 silly currentTree +-- reduce-function-call@1.0.2
40 silly currentTree | `-- balanced-match@0.4.2
40 silly currentTree +-- reflect-metadata@0.1.12
40 silly currentTree +-- regenerate@1.3.3
40 silly currentTree +-- regenerator-runtime@0.11.1
40 silly currentTree +-- regex-cache@0.4.4
40 silly currentTree +-- regexpu-core@1.0.0
40 silly currentTree +-- regjsgen@0.2.0
40 silly currentTree +-- regjsparser@0.1.5
40 silly currentTree +-- relateurl@0.2.7
40 silly currentTree +-- remove-trailing-separator@1.1.0
40 silly currentTree +-- renderkid@2.0.1
40 silly currentTree | `-- utila@0.3.3
40 silly currentTree +-- repeat-element@1.1.2
40 silly currentTree +-- repeat-string@1.6.1
40 silly currentTree +-- repeating@2.0.1
40 silly currentTree +-- request@2.81.0
40 silly currentTree | `-- qs@6.4.0
40 silly currentTree +-- require-directory@2.1.1
40 silly currentTree +-- require-from-string@1.2.1
40 silly currentTree +-- require-main-filename@1.0.1
40 silly currentTree +-- requires-port@1.0.0
40 silly currentTree +-- resolve@1.5.0
40 silly currentTree +-- right-align@0.1.3
40 silly currentTree +-- rimraf@2.6.2
40 silly currentTree +-- ripemd160@2.0.1
40 silly currentTree +-- run-queue@1.0.3
40 silly currentTree +-- rxjs@5.5.6
40 silly currentTree +-- safe-buffer@5.1.1
40 silly currentTree +-- sass-graph@2.2.4
40 silly currentTree +-- sass-loader@6.0.6
40 silly currentTree +-- saucelabs@1.3.0
40 silly currentTree +-- sax@1.2.4
40 silly currentTree +-- schema-utils@0.3.0
40 silly currentTree +-- scss-tokenizer@0.2.3
40 silly currentTree | `-- source-map@0.4.4
40 silly currentTree +-- select-hose@2.0.0
40 silly currentTree +-- selenium-webdriver@3.0.1
40 silly currentTree | `-- tmp@0.0.30
40 silly currentTree +-- selfsigned@1.10.2
40 silly currentTree +-- semver-dsl@1.0.1
40 silly currentTree +-- semver@5.5.0
40 silly currentTree +-- send@0.16.1
40 silly currentTree +-- serialize-javascript@1.4.0
40 silly currentTree +-- serve-index@1.9.1
40 silly currentTree +-- serve-static@1.13.1
40 silly currentTree +-- set-blocking@2.0.0
40 silly currentTree +-- set-immediate-shim@1.0.1
40 silly currentTree +-- setimmediate@1.0.5
40 silly currentTree +-- setprototypeof@1.1.0
40 silly currentTree +-- sha.js@2.4.10
40 silly currentTree +-- shallow-clone@0.1.2
40 silly currentTree | `-- kind-of@2.0.1
40 silly currentTree +-- shebang-command@1.2.0
40 silly currentTree +-- shebang-regex@1.0.0
40 silly currentTree +-- signal-exit@3.0.2
40 silly currentTree +-- silent-error@1.1.0
40 silly currentTree +-- slash@1.0.0
40 silly currentTree +-- sntp@1.0.9
40 silly currentTree +-- socket.io-adapter@0.5.0
40 silly currentTree | +-- debug@2.3.3
40 silly currentTree | `-- ms@0.7.2
40 silly currentTree +-- socket.io-client@1.7.3
40 silly currentTree | +-- component-emitter@1.2.1
40 silly currentTree | +-- debug@2.3.3
40 silly currentTree | `-- ms@0.7.2
40 silly currentTree +-- socket.io-parser@2.3.1
40 silly currentTree | +-- debug@2.2.0
40 silly currentTree | +-- isarray@0.0.1
40 silly currentTree | `-- ms@0.7.1
40 silly currentTree +-- socket.io@1.7.3
40 silly currentTree | +-- debug@2.3.3
40 silly currentTree | +-- ms@0.7.2
40 silly currentTree | `-- object-assign@4.1.0
40 silly currentTree +-- sockjs-client@1.1.4
40 silly currentTree | `-- faye-websocket@0.11.1
40 silly currentTree +-- sockjs@0.3.18
40 silly currentTree | `-- uuid@2.0.3
40 silly currentTree +-- sort-keys@1.1.2
40 silly currentTree +-- source-list-map@2.0.0
40 silly currentTree +-- source-map-loader@0.2.3
40 silly currentTree | +-- loader-utils@0.2.17
40 silly currentTree | `-- source-map@0.6.1
40 silly currentTree +-- source-map-support@0.4.18
40 silly currentTree +-- source-map@0.5.7
40 silly currentTree +-- spdx-correct@1.0.2
40 silly currentTree +-- spdx-expression-parse@1.0.4
40 silly currentTree +-- spdx-license-ids@1.2.2
40 silly currentTree +-- spdy-transport@2.0.20
40 silly currentTree +-- spdy@3.4.7
40 silly currentTree +-- sprintf-js@1.0.3
40 silly currentTree +-- sshpk@1.13.1
40 silly currentTree | `-- assert-plus@1.0.0
40 silly currentTree +-- ssri@5.2.4
40 silly currentTree +-- statuses@1.3.1
40 silly currentTree +-- stdout-stream@1.4.0
40 silly currentTree +-- stream-browserify@2.0.1
40 silly currentTree +-- stream-each@1.2.2
40 silly currentTree +-- stream-http@2.8.0
40 silly currentTree +-- stream-shift@1.0.0
40 silly currentTree +-- strict-uri-encode@1.1.0
40 silly currentTree +-- string_decoder@1.0.3
40 silly currentTree +-- string-width@1.0.2
40 silly currentTree +-- stringstream@0.0.5
40 silly currentTree +-- strip-ansi@3.0.1
40 silly currentTree +-- strip-bom@2.0.0
40 silly currentTree +-- strip-eof@1.0.0
40 silly currentTree +-- strip-indent@1.0.1
40 silly currentTree +-- strip-json-comments@2.0.1
40 silly currentTree +-- style-loader@0.13.2
40 silly currentTree +-- stylus-loader@3.0.1
40 silly currentTree +-- stylus@0.54.5
40 silly currentTree | +-- glob@7.0.6
40 silly currentTree | +-- sax@0.5.8
40 silly currentTree | `-- source-map@0.1.43
40 silly currentTree +-- supports-color@3.2.3
40 silly currentTree +-- svgo@0.7.2
40 silly currentTree +-- symbol-observable@1.0.1
40 silly currentTree +-- tapable@0.2.8
40 silly currentTree +-- tar@2.2.1
40 silly currentTree +-- through@2.3.8
40 silly currentTree +-- through2@2.0.3
40 silly currentTree +-- thunky@1.0.2
40 silly currentTree +-- time-stamp@2.0.0
40 silly currentTree +-- timers-browserify@2.0.6
40 silly currentTree +-- tmp@0.0.31
40 silly currentTree +-- to-array@0.1.4
40 silly currentTree +-- to-arraybuffer@1.0.1
40 silly currentTree +-- to-fast-properties@1.0.3
40 silly currentTree +-- toposort@1.0.6
40 silly currentTree +-- tough-cookie@2.3.3
40 silly currentTree +-- trim-newlines@1.0.0
40 silly currentTree +-- trim-right@1.0.1
40 silly currentTree +-- true-case-path@1.0.2
40 silly currentTree | `-- glob@6.0.4
40 silly currentTree +-- ts-node@3.2.2
40 silly currentTree +-- tsconfig@6.0.0
40 silly currentTree | `-- strip-bom@3.0.0
40 silly currentTree +-- tsickle@0.21.6
40 silly currentTree +-- tslib@1.9.0
40 silly currentTree +-- tslint@5.7.0
40 silly currentTree +-- tsutils@2.21.2
40 silly currentTree +-- tty-browserify@0.0.0
40 silly currentTree +-- tunnel-agent@0.6.0
40 silly currentTree +-- tweetnacl@0.14.5
40 silly currentTree +-- type-is@1.6.16
40 silly currentTree +-- typedarray@0.0.6
40 silly currentTree +-- typescript@2.3.4
40 silly currentTree +-- uglify-js@3.3.12
40 silly currentTree | `-- source-map@0.6.1
40 silly currentTree +-- uglify-to-browserify@1.0.2
40 silly currentTree +-- uglifyjs-webpack-plugin@0.4.6
40 silly currentTree | +-- camelcase@1.2.1
40 silly currentTree | +-- cliui@2.1.0
40 silly currentTree | +-- uglify-js@2.8.29
40 silly currentTree | +-- wordwrap@0.0.2
40 silly currentTree | `-- yargs@3.10.0
40 silly currentTree +-- ultron@1.0.2
40 silly currentTree +-- uniq@1.0.1
40 silly currentTree +-- uniqid@4.1.1
40 silly currentTree +-- uniqs@2.0.0
40 silly currentTree +-- unique-filename@1.1.0
40 silly currentTree +-- unique-slug@2.0.0
40 silly currentTree +-- universalify@0.1.1
40 silly currentTree +-- unpipe@1.0.0
40 silly currentTree +-- upper-case@1.1.3
40 silly currentTree +-- url-loader@0.6.2
40 silly currentTree +-- url-parse@1.2.0
40 silly currentTree | `-- querystringify@1.0.0
40 silly currentTree +-- url-toolkit@2.1.4
40 silly currentTree +-- url@0.11.0
40 silly currentTree | `-- punycode@1.3.2
40 silly currentTree +-- useragent@2.3.0
40 silly currentTree +-- util-deprecate@1.0.2
40 silly currentTree +-- util@0.10.3
40 silly currentTree | `-- inherits@2.0.1
40 silly currentTree +-- utila@0.4.0
40 silly currentTree +-- utils-merge@1.0.1
40 silly currentTree +-- uuid@3.2.1
40 silly currentTree +-- v8flags@3.0.1
40 silly currentTree +-- validate-npm-package-license@3.0.1
40 silly currentTree +-- vary@1.1.2
40 silly currentTree +-- vendors@1.0.1
40 silly currentTree +-- verror@1.10.0
40 silly currentTree | `-- assert-plus@1.0.0
40 silly currentTree +-- vlq@0.2.3
40 silly currentTree +-- vm-browserify@0.0.4
40 silly currentTree +-- void-elements@2.0.1
40 silly currentTree +-- watchpack@1.4.0
40 silly currentTree +-- wbuf@1.7.2
40 silly currentTree +-- webdriver-js-extender@1.0.0
40 silly currentTree | +-- adm-zip@0.4.4
40 silly currentTree | +-- sax@0.6.1
40 silly currentTree | +-- selenium-webdriver@2.53.3
40 silly currentTree | +-- tmp@0.0.24
40 silly currentTree | `-- xml2js@0.4.4
40 silly currentTree +-- webpack-concat-plugin@1.4.0
40 silly currentTree | +-- camelcase@1.2.1
40 silly currentTree | +-- cliui@2.1.0
40 silly currentTree | +-- uglify-js@2.8.29
40 silly currentTree | +-- wordwrap@0.0.2
40 silly currentTree | `-- yargs@3.10.0
40 silly currentTree +-- webpack-dev-middleware@1.12.2
40 silly currentTree | `-- mime@1.6.0
40 silly currentTree +-- webpack-dev-server@2.7.1
40 silly currentTree | +-- camelcase@3.0.0
40 silly currentTree | +-- opn@4.0.2
40 silly currentTree | +-- y18n@3.2.1
40 silly currentTree | +-- yargs-parser@4.2.1
40 silly currentTree | `-- yargs@6.6.0
40 silly currentTree +-- webpack-merge@4.1.1
40 silly currentTree +-- webpack-sources@1.1.0
40 silly currentTree | `-- source-map@0.6.1
40 silly currentTree +-- webpack@3.7.1
40 silly currentTree | +-- ajv-keywords@2.1.1
40 silly currentTree | +-- ansi-regex@3.0.0
40 silly currentTree | +-- camelcase@4.1.0
40 silly currentTree | +-- has-flag@2.0.0
40 silly currentTree | +-- is-fullwidth-code-point@2.0.0
40 silly currentTree | +-- load-json-file@2.0.0
40 silly currentTree | +-- os-locale@2.1.0
40 silly currentTree | +-- path-type@2.0.0
40 silly currentTree | +-- pify@2.3.0
40 silly currentTree | +-- read-pkg-up@2.0.0
40 silly currentTree | +-- read-pkg@2.0.0
40 silly currentTree | +-- string-width@2.1.1
40 silly currentTree | +-- strip-ansi@4.0.0
40 silly currentTree | +-- strip-bom@3.0.0
40 silly currentTree | +-- supports-color@4.5.0
40 silly currentTree | +-- which-module@2.0.0
40 silly currentTree | +-- y18n@3.2.1
40 silly currentTree | +-- yargs-parser@7.0.0
40 silly currentTree | `-- yargs@8.0.2
40 silly currentTree +-- websocket-driver@0.7.0
40 silly currentTree +-- websocket-extensions@0.1.3
40 silly currentTree +-- when@3.6.4
40 silly currentTree +-- whet.extend@0.9.9
40 silly currentTree +-- which-module@1.0.0
40 silly currentTree +-- which@1.3.0
40 silly currentTree +-- wide-align@1.1.2
40 silly currentTree +-- window-size@0.1.0
40 silly currentTree +-- wordwrap@0.0.3
40 silly currentTree +-- wrap-ansi@2.1.0
40 silly currentTree +-- wrappy@1.0.2
40 silly currentTree +-- ws@1.1.2
40 silly currentTree +-- wtf-8@1.0.0
40 silly currentTree +-- xhr2@0.1.4
40 silly currentTree +-- xml-char-classes@1.0.0
40 silly currentTree +-- xml2js@0.4.19
40 silly currentTree +-- xmlbuilder@9.0.7
40 silly currentTree +-- xmldom@0.1.27
40 silly currentTree +-- xmlhttprequest-ssl@1.5.3
40 silly currentTree +-- xtend@4.0.1
40 silly currentTree +-- y18n@4.0.0
40 silly currentTree +-- yallist@2.1.2
40 silly currentTree +-- yargs-parser@5.0.0
40 silly currentTree | `-- camelcase@3.0.0
40 silly currentTree +-- yargs@7.1.0
40 silly currentTree | +-- camelcase@3.0.0
40 silly currentTree | `-- y18n@3.2.1
40 silly currentTree +-- yeast@0.1.2
40 silly currentTree +-- yn@2.0.0
40 silly currentTree `-- zone.js@0.8.20
41 silly idealTree web@0.0.0
41 silly idealTree +-- @angular-devkit/build-optimizer@0.0.40
41 silly idealTree | `-- typescript@2.6.2
41 silly idealTree +-- @angular-devkit/core@0.0.20
41 silly idealTree +-- @angular-devkit/schematics@0.0.34
41 silly idealTree +-- @angular/animations@4.4.6
41 silly idealTree +-- @angular/cli@1.4.10
41 silly idealTree +-- @angular/common@4.4.6
41 silly idealTree +-- @angular/compiler-cli@4.4.6
41 silly idealTree +-- @angular/compiler@4.4.6
41 silly idealTree +-- @angular/core@4.4.6
41 silly idealTree +-- @angular/forms@4.4.6
41 silly idealTree +-- @angular/http@4.4.6
41 silly idealTree +-- @angular/language-service@4.4.6
41 silly idealTree +-- @angular/platform-browser-dynamic@4.4.6
41 silly idealTree +-- @angular/platform-browser@4.4.6
41 silly idealTree +-- @angular/platform-server@4.4.6
41 silly idealTree +-- @angular/router@4.4.6
41 silly idealTree +-- @angular/tsc-wrapped@4.4.6
41 silly idealTree +-- @ngtools/json-schema@1.1.0
41 silly idealTree +-- @ngtools/webpack@1.7.5
41 silly idealTree +-- @schematics/angular@0.0.49
41 silly idealTree +-- @types/core-js@0.9.46
41 silly idealTree +-- @types/jasmine@2.5.54
41 silly idealTree +-- @types/jasminewd2@2.0.3
41 silly idealTree +-- @types/node@6.0.101
41 silly idealTree +-- @types/q@0.0.32
41 silly idealTree +-- @types/selenium-webdriver@2.53.43
41 silly idealTree +-- abbrev@1.1.1
41 silly idealTree +-- accepts@1.3.4
41 silly idealTree +-- acorn-dynamic-import@2.0.2
41 silly idealTree | `-- acorn@4.0.13
41 silly idealTree +-- acorn@5.4.1
41 silly idealTree +-- adm-zip@0.4.7
41 silly idealTree +-- after@0.8.2
41 silly idealTree +-- agent-base@2.1.1
41 silly idealTree | `-- semver@5.0.3
41 silly idealTree +-- ajv-keywords@3.1.0
41 silly idealTree +-- ajv@5.5.2
41 silly idealTree +-- align-text@0.1.4
41 silly idealTree +-- alphanum-sort@1.0.2
41 silly idealTree +-- amdefine@1.0.1
41 silly idealTree +-- angular-4-data-table-bootstrap-4@0.2.0
41 silly idealTree | +-- @types/node@8.0.58
41 silly idealTree | `-- ts-node@3.3.0
41 silly idealTree +-- ansi-html@0.0.7
41 silly idealTree +-- ansi-regex@2.1.1
41 silly idealTree +-- ansi-styles@2.2.1
41 silly idealTree +-- anymatch@1.3.2
41 silly idealTree +-- app-root-path@2.0.1
41 silly idealTree +-- append-transform@0.4.0
41 silly idealTree +-- aproba@1.2.0
41 silly idealTree +-- are-we-there-yet@1.1.4
41 silly idealTree +-- argparse@1.0.10
41 silly idealTree +-- arr-diff@2.0.0
41 silly idealTree +-- arr-flatten@1.1.0
41 silly idealTree +-- array-find-index@1.0.2
41 silly idealTree +-- array-flatten@1.1.1
41 silly idealTree +-- array-slice@0.2.3
41 silly idealTree +-- array-union@1.0.2
41 silly idealTree +-- array-uniq@1.0.3
41 silly idealTree +-- array-unique@0.2.1
41 silly idealTree +-- arraybuffer.slice@0.0.6
41 silly idealTree +-- arrify@1.0.1
41 silly idealTree +-- asap@2.0.6
41 silly idealTree +-- asn1.js@4.10.1
41 silly idealTree +-- asn1@0.2.3
41 silly idealTree +-- assert-plus@0.2.0
41 silly idealTree +-- assert@1.4.1
41 silly idealTree +-- async-each@1.0.1
41 silly idealTree +-- async-foreach@0.1.3
41 silly idealTree +-- async@2.6.0
41 silly idealTree +-- asynckit@0.4.0
41 silly idealTree +-- autoprefixer@6.7.7
41 silly idealTree +-- aws-sign2@0.6.0
41 silly idealTree +-- aws4@1.6.0
41 silly idealTree +-- babel-code-frame@6.26.0
41 silly idealTree | +-- chalk@1.1.3
41 silly idealTree | `-- supports-color@2.0.0
41 silly idealTree +-- babel-generator@6.26.1
41 silly idealTree | `-- jsesc@1.3.0
41 silly idealTree +-- babel-messages@6.23.0
41 silly idealTree +-- babel-runtime@6.26.0
41 silly idealTree +-- babel-template@6.26.0
41 silly idealTree +-- babel-traverse@6.26.0
41 silly idealTree +-- babel-types@6.26.0
41 silly idealTree +-- babylon@6.18.0
41 silly idealTree +-- backo2@1.0.2
41 silly idealTree +-- balanced-match@1.0.0
41 silly idealTree +-- base64-arraybuffer@0.1.5
41 silly idealTree +-- base64-js@1.2.3
41 silly idealTree +-- base64id@1.0.0
41 silly idealTree +-- batch@0.6.1
41 silly idealTree +-- bcrypt-pbkdf@1.0.1
41 silly idealTree +-- better-assert@1.0.2
41 silly idealTree +-- big.js@3.2.0
41 silly idealTree +-- binary-extensions@1.11.0
41 silly idealTree +-- blob@0.0.4
41 silly idealTree +-- block-stream@0.0.9
41 silly idealTree +-- blocking-proxy@0.0.5
41 silly idealTree +-- bluebird@3.5.1
41 silly idealTree +-- bn.js@4.11.8
41 silly idealTree +-- body-parser@1.18.2
41 silly idealTree +-- bonjour@3.5.0
41 silly idealTree | `-- array-flatten@2.1.1
41 silly idealTree +-- boolbase@1.0.0
41 silly idealTree +-- boom@2.10.1
41 silly idealTree +-- bootstrap@4.0.0
41 silly idealTree +-- brace-expansion@1.1.11
41 silly idealTree +-- braces@1.8.5
41 silly idealTree +-- brorand@1.1.0
41 silly idealTree +-- browserify-aes@1.1.1
41 silly idealTree +-- browserify-cipher@1.0.0
41 silly idealTree +-- browserify-des@1.0.0
41 silly idealTree +-- browserify-rsa@4.0.1
41 silly idealTree +-- browserify-sign@4.0.4
41 silly idealTree +-- browserify-zlib@0.2.0
41 silly idealTree +-- browserslist@1.7.7
41 silly idealTree +-- buffer-indexof@1.1.1
41 silly idealTree +-- buffer-xor@1.0.3
41 silly idealTree +-- buffer@4.9.1
41 silly idealTree +-- builtin-modules@1.1.1
41 silly idealTree +-- builtin-status-codes@3.0.0
41 silly idealTree +-- bytes@3.0.0
41 silly idealTree +-- cacache@10.0.4
41 silly idealTree +-- callsite@1.0.0
41 silly idealTree +-- camel-case@3.0.0
41 silly idealTree +-- camelcase-keys@2.1.0
41 silly idealTree +-- camelcase@2.1.1
41 silly idealTree +-- caniuse-api@1.6.1
41 silly idealTree +-- caniuse-db@1.0.30000810
41 silly idealTree +-- caseless@0.12.0
41 silly idealTree +-- center-align@0.1.3
41 silly idealTree | `-- lazy-cache@1.0.4
41 silly idealTree +-- chalk@2.3.1
41 silly idealTree | +-- ansi-styles@3.2.0
41 silly idealTree | +-- has-flag@3.0.0
41 silly idealTree | `-- supports-color@5.2.0
41 silly idealTree +-- charenc@0.0.2
41 silly idealTree +-- chokidar@1.7.0
41 silly idealTree | +-- is-extglob@1.0.0
41 silly idealTree | `-- is-glob@2.0.1
41 silly idealTree +-- chownr@1.0.1
41 silly idealTree +-- cipher-base@1.0.4
41 silly idealTree +-- circular-dependency-plugin@3.0.0
41 silly idealTree +-- clap@1.2.3
41 silly idealTree | +-- chalk@1.1.3
41 silly idealTree | `-- supports-color@2.0.0
41 silly idealTree +-- clean-css@4.1.9
41 silly idealTree +-- cliui@3.2.0
41 silly idealTree +-- clone-deep@0.3.0
41 silly idealTree +-- clone@1.0.3
41 silly idealTree +-- co@4.6.0
41 silly idealTree +-- coa@1.0.4
41 silly idealTree +-- code-point-at@1.1.0
41 silly idealTree +-- codelyzer@3.2.2
41 silly idealTree +-- color-convert@1.9.1
41 silly idealTree +-- color-name@1.1.3
41 silly idealTree +-- color-string@0.3.0
41 silly idealTree +-- color@0.11.4
41 silly idealTree +-- colormin@1.1.2
41 silly idealTree +-- colors@1.1.2
41 silly idealTree +-- combine-lists@1.0.1
41 silly idealTree +-- combined-stream@1.0.6
41 silly idealTree +-- commander@2.14.1
41 silly idealTree +-- common-tags@1.7.2
41 silly idealTree +-- commondir@1.0.1
41 silly idealTree +-- component-bind@1.0.0
41 silly idealTree +-- component-emitter@1.1.2
41 silly idealTree +-- component-inherit@0.0.3
41 silly idealTree +-- compressible@2.0.13
41 silly idealTree +-- compression@1.7.2
41 silly idealTree +-- concat-map@0.0.1
41 silly idealTree +-- concat-stream@1.6.0
41 silly idealTree +-- connect-history-api-fallback@1.5.0
41 silly idealTree +-- connect@3.6.6
41 silly idealTree +-- console-browserify@1.1.0
41 silly idealTree +-- console-control-strings@1.1.0
41 silly idealTree +-- constants-browserify@1.0.0
41 silly idealTree +-- content-disposition@0.5.2
41 silly idealTree +-- content-type@1.0.4
41 silly idealTree +-- convert-source-map@1.5.1
41 silly idealTree +-- cookie-signature@1.0.6
41 silly idealTree +-- cookie@0.3.1
41 silly idealTree +-- copy-concurrently@1.0.5
41 silly idealTree +-- copy-webpack-plugin@4.4.1
41 silly idealTree | `-- loader-utils@0.2.17
41 silly idealTree +-- core-js@2.5.3
41 silly idealTree +-- core-object@3.1.5
41 silly idealTree +-- core-util-is@1.0.2
41 silly idealTree +-- cosmiconfig@2.2.2
41 silly idealTree +-- create-ecdh@4.0.0
41 silly idealTree +-- create-hash@1.1.3
41 silly idealTree +-- create-hmac@1.1.6
41 silly idealTree +-- cross-spawn@3.0.1
41 silly idealTree +-- crypt@0.0.2
41 silly idealTree +-- cryptiles@2.0.5
41 silly idealTree +-- crypto-browserify@3.12.0
41 silly idealTree +-- css-color-names@0.0.4
41 silly idealTree +-- css-loader@0.28.9
41 silly idealTree +-- css-parse@1.7.0
41 silly idealTree +-- css-select@1.2.0
41 silly idealTree +-- css-selector-tokenizer@0.7.0
41 silly idealTree +-- css-what@2.1.0
41 silly idealTree +-- cssauron@1.4.0
41 silly idealTree +-- cssesc@0.1.0
41 silly idealTree +-- cssnano@3.10.0
41 silly idealTree +-- csso@2.3.2
41 silly idealTree +-- currently-unhandled@0.4.1
41 silly idealTree +-- custom-event@1.0.1
41 silly idealTree +-- cyclist@0.2.2
41 silly idealTree +-- d@1.0.0
41 silly idealTree +-- dashdash@1.14.1
41 silly idealTree | `-- assert-plus@1.0.0
41 silly idealTree +-- date-now@0.1.4
41 silly idealTree +-- debug@2.6.9
41 silly idealTree +-- decamelize@1.2.0
41 silly idealTree +-- deep-equal@1.0.1
41 silly idealTree +-- default-require-extensions@1.0.0
41 silly idealTree +-- defined@1.0.0
41 silly idealTree +-- del@3.0.0
41 silly idealTree | `-- globby@6.1.0
41 silly idealTree |   `-- pify@2.3.0
41 silly idealTree +-- delayed-stream@1.0.0
41 silly idealTree +-- delegates@1.0.0
41 silly idealTree +-- denodeify@1.2.1
41 silly idealTree +-- depd@1.1.2
41 silly idealTree +-- des.js@1.0.0
41 silly idealTree +-- destroy@1.0.4
41 silly idealTree +-- detect-indent@4.0.0
41 silly idealTree +-- detect-node@2.0.3
41 silly idealTree +-- di@0.0.1
41 silly idealTree +-- diff@3.4.0
41 silly idealTree +-- diffie-hellman@5.0.2
41 silly idealTree +-- dir-glob@2.0.0
41 silly idealTree +-- directory-encoder@0.7.2
41 silly idealTree | +-- fs-extra@0.23.1
41 silly idealTree | `-- jsonfile@2.4.0
41 silly idealTree +-- dns-equal@1.0.0
41 silly idealTree +-- dns-packet@1.3.1
41 silly idealTree +-- dns-txt@2.0.2
41 silly idealTree +-- dom-converter@0.1.4
41 silly idealTree | `-- utila@0.3.3
41 silly idealTree +-- dom-serialize@2.2.1
41 silly idealTree +-- dom-serializer@0.1.0
41 silly idealTree | `-- domelementtype@1.1.3
41 silly idealTree +-- domain-browser@1.2.0
41 silly idealTree +-- domelementtype@1.3.0
41 silly idealTree +-- domhandler@2.1.0
41 silly idealTree +-- domutils@1.5.1
41 silly idealTree +-- duplexify@3.5.3
41 silly idealTree +-- ecc-jsbn@0.1.1
41 silly idealTree +-- ee-first@1.1.1
41 silly idealTree +-- ejs@2.5.7
41 silly idealTree +-- electron-to-chromium@1.3.33
41 silly idealTree +-- elliptic@6.4.0
41 silly idealTree +-- ember-cli-string-utils@1.1.0
41 silly idealTree +-- emojis-list@2.1.0
41 silly idealTree +-- encodeurl@1.0.2
41 silly idealTree +-- end-of-stream@1.4.1
41 silly idealTree +-- engine.io-client@1.8.3
41 silly idealTree | +-- component-emitter@1.2.1
41 silly idealTree | +-- debug@2.3.3
41 silly idealTree | `-- ms@0.7.2
41 silly idealTree +-- engine.io-parser@1.3.2
41 silly idealTree +-- engine.io@1.8.3
41 silly idealTree | +-- accepts@1.3.3
41 silly idealTree | +-- debug@2.3.3
41 silly idealTree | `-- ms@0.7.2
41 silly idealTree +-- enhanced-resolve@3.4.1
41 silly idealTree +-- ent@2.2.0
41 silly idealTree +-- entities@1.1.1
41 silly idealTree +-- errno@0.1.7
41 silly idealTree +-- error-ex@1.3.1
41 silly idealTree +-- es5-ext@0.10.39
41 silly idealTree +-- es6-iterator@2.0.3
41 silly idealTree +-- es6-map@0.1.5
41 silly idealTree +-- es6-set@0.1.5
41 silly idealTree +-- es6-symbol@3.1.1
41 silly idealTree +-- es6-weak-map@2.0.2
41 silly idealTree +-- escape-html@1.0.3
41 silly idealTree +-- escape-string-regexp@1.0.5
41 silly idealTree +-- escope@3.6.0
41 silly idealTree +-- esprima@2.7.3
41 silly idealTree +-- esrecurse@4.2.0
41 silly idealTree +-- estraverse@4.2.0
41 silly idealTree +-- esutils@2.0.2
41 silly idealTree +-- etag@1.8.1
41 silly idealTree +-- event-emitter@0.3.5
41 silly idealTree +-- eventemitter3@1.2.0
41 silly idealTree +-- events@1.1.1
41 silly idealTree +-- eventsource@0.1.6
41 silly idealTree +-- evp_bytestokey@1.0.3
41 silly idealTree +-- execa@0.7.0
41 silly idealTree | `-- cross-spawn@5.1.0
41 silly idealTree +-- exit@0.1.2
41 silly idealTree +-- expand-braces@0.1.2
41 silly idealTree | +-- braces@0.1.5
41 silly idealTree | +-- expand-range@0.1.1
41 silly idealTree | +-- is-number@0.1.1
41 silly idealTree | `-- repeat-string@0.2.2
41 silly idealTree +-- expand-brackets@0.1.5
41 silly idealTree +-- expand-range@1.8.2
41 silly idealTree +-- exports-loader@0.6.4
41 silly idealTree +-- express@4.16.2
41 silly idealTree +-- extend@3.0.1
41 silly idealTree +-- extglob@0.3.2
41 silly idealTree | `-- is-extglob@1.0.0
41 silly idealTree +-- extract-text-webpack-plugin@3.0.0
41 silly idealTree +-- extsprintf@1.3.0
41 silly idealTree +-- fast-deep-equal@1.0.0
41 silly idealTree +-- fast-json-stable-stringify@2.0.0
41 silly idealTree +-- fastparse@1.1.1
41 silly idealTree +-- faye-websocket@0.10.0
41 silly idealTree +-- file-loader@1.1.9
41 silly idealTree | +-- ajv@6.1.1
41 silly idealTree | `-- schema-utils@0.4.5
41 silly idealTree +-- filename-regex@2.0.1
41 silly idealTree +-- fileset@2.0.3
41 silly idealTree +-- fill-range@2.2.3
41 silly idealTree | `-- isobject@2.1.0
41 silly idealTree +-- finalhandler@1.1.0
41 silly idealTree +-- find-cache-dir@1.0.0
41 silly idealTree +-- find-up@2.1.0
41 silly idealTree +-- flatten@1.0.2
41 silly idealTree +-- flush-write-stream@1.0.2
41 silly idealTree +-- font-awesome@4.7.0
41 silly idealTree +-- for-in@1.0.2
41 silly idealTree +-- for-own@1.0.0
41 silly idealTree +-- forever-agent@0.6.1
41 silly idealTree +-- form-data@2.1.4
41 silly idealTree +-- forwarded@0.1.2
41 silly idealTree +-- fresh@0.5.2
41 silly idealTree +-- from2@2.3.0
41 silly idealTree +-- fs-access@1.0.1
41 silly idealTree +-- fs-extra@4.0.3
41 silly idealTree +-- fs-write-stream-atomic@1.0.10
41 silly idealTree +-- fs.realpath@1.0.0
41 silly idealTree +-- fstream@1.0.11
41 silly idealTree +-- function-bind@1.1.1
41 silly idealTree +-- gauge@2.7.4
41 silly idealTree +-- gaze@1.1.2
41 silly idealTree +-- generate-function@2.0.0
41 silly idealTree +-- generate-object-property@1.2.0
41 silly idealTree +-- get-caller-file@1.0.2
41 silly idealTree +-- get-stdin@4.0.1
41 silly idealTree +-- get-stream@3.0.0
41 silly idealTree +-- getpass@0.1.7
41 silly idealTree | `-- assert-plus@1.0.0
41 silly idealTree +-- glob-base@0.3.0
41 silly idealTree | +-- is-extglob@1.0.0
41 silly idealTree | `-- is-glob@2.0.1
41 silly idealTree +-- glob-parent@2.0.0
41 silly idealTree | +-- is-extglob@1.0.0
41 silly idealTree | `-- is-glob@2.0.1
41 silly idealTree +-- glob@7.1.2
41 silly idealTree +-- globals@9.18.0
41 silly idealTree +-- globby@7.1.1
41 silly idealTree +-- globule@1.2.0
41 silly idealTree +-- graceful-fs@4.1.11
41 silly idealTree +-- hammerjs@2.0.8
41 silly idealTree +-- handle-thing@1.2.5
41 silly idealTree +-- handlebars@1.3.0
41 silly idealTree | +-- async@0.2.10
41 silly idealTree | +-- source-map@0.1.43
41 silly idealTree | `-- uglify-js@2.3.6
41 silly idealTree +-- har-schema@1.0.5
41 silly idealTree +-- har-validator@4.2.1
41 silly idealTree | `-- ajv@4.11.8
41 silly idealTree +-- has-ansi@2.0.0
41 silly idealTree +-- has-binary@0.1.7
41 silly idealTree | `-- isarray@0.0.1
41 silly idealTree +-- has-cors@1.1.0
41 silly idealTree +-- has-flag@1.0.0
41 silly idealTree +-- has-unicode@2.0.1
41 silly idealTree +-- has@1.0.1
41 silly idealTree +-- hash-base@2.0.2
41 silly idealTree +-- hash.js@1.1.3
41 silly idealTree +-- hawk@3.1.3
41 silly idealTree +-- he@1.1.1
41 silly idealTree +-- hls.js@0.8.9
41 silly idealTree +-- hmac-drbg@1.0.1
41 silly idealTree +-- hoek@2.16.3
41 silly idealTree +-- homedir-polyfill@1.0.1
41 silly idealTree +-- hosted-git-info@2.5.0
41 silly idealTree +-- hpack.js@2.1.6
41 silly idealTree +-- html-comment-regex@1.1.1
41 silly idealTree +-- html-entities@1.2.1
41 silly idealTree +-- html-minifier@3.5.9
41 silly idealTree +-- html-webpack-plugin@2.30.1
41 silly idealTree | `-- loader-utils@0.2.17
41 silly idealTree +-- htmlparser2@3.3.0
41 silly idealTree | +-- domutils@1.1.6
41 silly idealTree | +-- isarray@0.0.1
41 silly idealTree | +-- readable-stream@1.0.34
41 silly idealTree | `-- string_decoder@0.10.31
41 silly idealTree +-- http-deceiver@1.2.7
41 silly idealTree +-- http-errors@1.6.2
41 silly idealTree | +-- depd@1.1.1
41 silly idealTree | `-- setprototypeof@1.0.3
41 silly idealTree +-- http-parser-js@0.4.10
41 silly idealTree +-- http-proxy-middleware@0.17.4
41 silly idealTree | `-- is-glob@3.1.0
41 silly idealTree +-- http-proxy@1.16.2
41 silly idealTree +-- http-signature@1.1.1
41 silly idealTree +-- https-browserify@1.0.0
41 silly idealTree +-- https-proxy-agent@1.0.0
41 silly idealTree +-- iconv-lite@0.4.19
41 silly idealTree +-- icss-replace-symbols@1.1.0
41 silly idealTree +-- icss-utils@2.1.0
41 silly idealTree | +-- has-flag@3.0.0
41 silly idealTree | +-- postcss@6.0.19
41 silly idealTree | +-- source-map@0.6.1
41 silly idealTree | `-- supports-color@5.2.0
41 silly idealTree +-- ieee754@1.1.8
41 silly idealTree +-- iferr@0.1.5
41 silly idealTree +-- ignore@3.3.7
41 silly idealTree +-- image-size@0.5.5
41 silly idealTree +-- img-stats@0.5.2
41 silly idealTree +-- imurmurhash@0.1.4
41 silly idealTree +-- in-publish@2.0.0
41 silly idealTree +-- indent-string@2.1.0
41 silly idealTree +-- indexes-of@1.0.1
41 silly idealTree +-- indexof@0.0.1
41 silly idealTree +-- inflight@1.0.6
41 silly idealTree +-- inherits@2.0.3
41 silly idealTree +-- ini@1.3.5
41 silly idealTree +-- internal-ip@1.2.0
41 silly idealTree +-- interpret@1.1.0
41 silly idealTree +-- invariant@2.2.3
41 silly idealTree +-- invert-kv@1.0.0
41 silly idealTree +-- ip@1.1.5
41 silly idealTree +-- ipaddr.js@1.6.0
41 silly idealTree +-- is-absolute-url@2.1.0
41 silly idealTree +-- is-arrayish@0.2.1
41 silly idealTree +-- is-binary-path@1.0.1
41 silly idealTree +-- is-buffer@1.1.6
41 silly idealTree +-- is-builtin-module@1.0.0
41 silly idealTree +-- is-directory@0.3.1
41 silly idealTree +-- is-dotfile@1.0.3
41 silly idealTree +-- is-equal-shallow@0.1.3
41 silly idealTree +-- is-extendable@0.1.1
41 silly idealTree +-- is-extglob@2.1.1
41 silly idealTree +-- is-finite@1.0.2
41 silly idealTree +-- is-fullwidth-code-point@1.0.0
41 silly idealTree +-- is-glob@4.0.0
41 silly idealTree +-- is-my-ip-valid@1.0.0
41 silly idealTree +-- is-my-json-valid@2.17.2
41 silly idealTree +-- is-number@2.1.0
41 silly idealTree +-- is-path-cwd@1.0.0
41 silly idealTree +-- is-path-in-cwd@1.0.0
41 silly idealTree +-- is-path-inside@1.0.1
41 silly idealTree +-- is-plain-obj@1.1.0
41 silly idealTree +-- is-plain-object@2.0.4
41 silly idealTree +-- is-posix-bracket@0.1.1
41 silly idealTree +-- is-primitive@2.0.0
41 silly idealTree +-- is-property@1.0.2
41 silly idealTree +-- is-stream@1.1.0
41 silly idealTree +-- is-svg@2.1.0
41 silly idealTree +-- is-typedarray@1.0.0
41 silly idealTree +-- is-utf8@0.2.1
41 silly idealTree +-- is-wsl@1.1.0
41 silly idealTree +-- isarray@1.0.0
41 silly idealTree +-- isbinaryfile@3.0.2
41 silly idealTree +-- isexe@2.0.0
41 silly idealTree +-- isobject@3.0.1
41 silly idealTree +-- isstream@0.1.2
41 silly idealTree +-- istanbul-api@1.2.2
41 silly idealTree +-- istanbul-instrumenter-loader@2.0.0
41 silly idealTree | `-- loader-utils@0.2.17
41 silly idealTree +-- istanbul-lib-coverage@1.1.2
41 silly idealTree +-- istanbul-lib-hook@1.1.0
41 silly idealTree +-- istanbul-lib-instrument@1.9.2
41 silly idealTree +-- istanbul-lib-report@1.1.3
41 silly idealTree +-- istanbul-lib-source-maps@1.2.3
41 silly idealTree | `-- debug@3.1.0
41 silly idealTree +-- istanbul-reports@1.1.4
41 silly idealTree | +-- async@1.5.2
41 silly idealTree | +-- camelcase@1.2.1
41 silly idealTree | +-- cliui@2.1.0
41 silly idealTree | | `-- wordwrap@0.0.2
41 silly idealTree | +-- handlebars@4.0.11
41 silly idealTree | +-- minimist@0.0.10
41 silly idealTree | +-- optimist@0.6.1
41 silly idealTree | +-- source-map@0.4.4
41 silly idealTree | +-- uglify-js@2.8.29
41 silly idealTree | | `-- source-map@0.5.7
41 silly idealTree | `-- yargs@3.10.0
41 silly idealTree +-- jasmine-core@2.6.4
41 silly idealTree +-- jasmine-spec-reporter@4.1.1
41 silly idealTree +-- jasmine@2.99.0
41 silly idealTree | `-- jasmine-core@2.99.1
41 silly idealTree +-- jasminewd2@2.2.0
41 silly idealTree +-- js-base64@2.4.3
41 silly idealTree +-- js-tokens@3.0.2
41 silly idealTree +-- js-yaml@3.7.0
41 silly idealTree +-- jsbn@0.1.1
41 silly idealTree +-- jsesc@0.5.0
41 silly idealTree +-- json-loader@0.5.7
41 silly idealTree +-- json-schema-traverse@0.3.1
41 silly idealTree +-- json-schema@0.2.3
41 silly idealTree +-- json-stable-stringify@1.0.1
41 silly idealTree +-- json-stringify-safe@5.0.1
41 silly idealTree +-- json3@3.3.2
41 silly idealTree +-- json5@0.5.1
41 silly idealTree +-- jsonfile@4.0.0
41 silly idealTree +-- jsonify@0.0.0
41 silly idealTree +-- jsonpointer@4.0.1
41 silly idealTree +-- jsprim@1.4.1
41 silly idealTree | `-- assert-plus@1.0.0
41 silly idealTree +-- jwt-decode@2.2.0
41 silly idealTree +-- karma-chrome-launcher@2.1.1
41 silly idealTree +-- karma-cli@1.0.1
41 silly idealTree +-- karma-coverage-istanbul-reporter@1.4.1
41 silly idealTree +-- karma-jasmine-html-reporter@0.2.2
41 silly idealTree +-- karma-jasmine@1.1.1
41 silly idealTree +-- karma-source-map-support@1.2.0
41 silly idealTree +-- karma@1.7.1
41 silly idealTree | +-- lodash@3.10.1
41 silly idealTree | +-- minimist@0.0.10
41 silly idealTree | `-- optimist@0.6.1
41 silly idealTree +-- kind-of@3.2.2
41 silly idealTree +-- lazy-cache@0.2.7
41 silly idealTree +-- lcid@1.0.0
41 silly idealTree +-- less-loader@4.0.5
41 silly idealTree | +-- clone@2.1.1
41 silly idealTree | `-- pify@2.3.0
41 silly idealTree +-- less@2.7.3
41 silly idealTree +-- license-webpack-plugin@1.1.1
41 silly idealTree +-- load-json-file@1.1.0
41 silly idealTree | `-- pify@2.3.0
41 silly idealTree +-- loader-runner@2.3.0
41 silly idealTree +-- loader-utils@1.1.0
41 silly idealTree +-- locate-path@2.0.0
41 silly idealTree +-- lodash.assign@4.2.0
41 silly idealTree +-- lodash.camelcase@4.3.0
41 silly idealTree +-- lodash.clonedeep@4.5.0
41 silly idealTree +-- lodash.memoize@4.1.2
41 silly idealTree +-- lodash.mergewith@4.6.1
41 silly idealTree +-- lodash.tail@4.1.1
41 silly idealTree +-- lodash.uniq@4.5.0
41 silly idealTree +-- lodash@4.17.5
41 silly idealTree +-- log4js@0.6.38
41 silly idealTree | +-- isarray@0.0.1
41 silly idealTree | +-- readable-stream@1.0.34
41 silly idealTree | +-- semver@4.3.6
41 silly idealTree | `-- string_decoder@0.10.31
41 silly idealTree +-- loglevel@1.6.1
41 silly idealTree +-- longest@1.0.1
41 silly idealTree +-- loose-envify@1.3.1
41 silly idealTree +-- loud-rejection@1.6.0
41 silly idealTree +-- lower-case@1.1.4
41 silly idealTree +-- lru-cache@4.1.1
41 silly idealTree +-- macaddress@0.2.8
41 silly idealTree +-- magic-string@0.22.4
41 silly idealTree +-- make-dir@1.2.0
41 silly idealTree +-- make-error@1.3.4
41 silly idealTree +-- map-obj@1.0.1
41 silly idealTree +-- math-expression-evaluator@1.2.17
41 silly idealTree +-- md5.js@1.3.4
41 silly idealTree | `-- hash-base@3.0.4
41 silly idealTree +-- md5@2.2.1
41 silly idealTree +-- media-typer@0.3.0
41 silly idealTree +-- mem@1.1.0
41 silly idealTree +-- memory-fs@0.4.1
41 silly idealTree +-- meow@3.7.0
41 silly idealTree +-- merge-descriptors@1.0.1
41 silly idealTree +-- methods@1.1.2
41 silly idealTree +-- micromatch@2.3.11
41 silly idealTree | +-- is-extglob@1.0.0
41 silly idealTree | `-- is-glob@2.0.1
41 silly idealTree +-- miller-rabin@4.0.1
41 silly idealTree +-- mime-db@1.33.0
41 silly idealTree +-- mime-types@2.1.18
41 silly idealTree +-- mime@1.4.1
41 silly idealTree +-- mimic-fn@1.2.0
41 silly idealTree +-- minimalistic-assert@1.0.0
41 silly idealTree +-- minimalistic-crypto-utils@1.0.1
41 silly idealTree +-- minimatch@3.0.4
41 silly idealTree +-- minimist@1.2.0
41 silly idealTree +-- mississippi@2.0.0
41 silly idealTree +-- mixin-object@2.0.1
41 silly idealTree | `-- for-in@0.1.8
41 silly idealTree +-- mkdirp@0.5.1
41 silly idealTree | `-- minimist@0.0.8
41 silly idealTree +-- move-concurrently@1.0.1
41 silly idealTree +-- ms@2.0.0
41 silly idealTree +-- multicast-dns-service-types@1.1.0
41 silly idealTree +-- multicast-dns@6.2.3
41 silly idealTree +-- nan@2.8.0
41 silly idealTree +-- ncname@1.0.0
41 silly idealTree +-- negotiator@0.6.1
41 silly idealTree +-- ngx-bootstrap@2.0.2
41 silly idealTree +-- ngx-carousel@1.3.5
41 silly idealTree +-- no-case@2.3.2
41 silly idealTree +-- node-forge@0.7.1
41 silly idealTree +-- node-gyp@3.6.2
41 silly idealTree | +-- nopt@3.0.6
41 silly idealTree | `-- semver@5.3.0
41 silly idealTree +-- node-libs-browser@2.1.0
41 silly idealTree +-- node-modules-path@1.0.1
41 silly idealTree +-- node-sass@4.7.2
41 silly idealTree | +-- caseless@0.11.0
41 silly idealTree | +-- chalk@1.1.3
41 silly idealTree | +-- har-validator@2.0.6
41 silly idealTree | +-- qs@6.3.2
41 silly idealTree | +-- request@2.79.0
41 silly idealTree | +-- supports-color@2.0.0
41 silly idealTree | `-- tunnel-agent@0.4.3
41 silly idealTree +-- nopt@4.0.1
41 silly idealTree +-- normalize-package-data@2.4.0
41 silly idealTree +-- normalize-path@2.1.1
41 silly idealTree +-- normalize-range@0.1.2
41 silly idealTree +-- normalize-url@1.9.1
41 silly idealTree +-- npm-run-path@2.0.2
41 silly idealTree +-- npmlog@4.1.2
41 silly idealTree +-- nth-check@1.0.1
41 silly idealTree +-- null-check@1.0.0
41 silly idealTree +-- num2fraction@1.2.2
41 silly idealTree +-- number-is-nan@1.0.1
41 silly idealTree +-- oauth-sign@0.8.2
41 silly idealTree +-- object-assign@4.1.1
41 silly idealTree +-- object-component@0.0.3
41 silly idealTree +-- object.omit@2.0.1
41 silly idealTree | `-- for-own@0.1.5
41 silly idealTree +-- obuf@1.1.1
41 silly idealTree +-- on-finished@2.3.0
41 silly idealTree +-- on-headers@1.0.1
41 silly idealTree +-- once@1.4.0
41 silly idealTree +-- opn@5.1.0
41 silly idealTree +-- optimist@0.3.7
41 silly idealTree +-- options@0.0.6
41 silly idealTree +-- original@1.0.0
41 silly idealTree | `-- url-parse@1.0.5
41 silly idealTree +-- os-browserify@0.3.0
41 silly idealTree +-- os-homedir@1.0.2
41 silly idealTree +-- os-locale@1.4.0
41 silly idealTree +-- os-tmpdir@1.0.2
41 silly idealTree +-- osenv@0.1.5
41 silly idealTree +-- p-finally@1.0.0
41 silly idealTree +-- p-limit@1.2.0
41 silly idealTree +-- p-locate@2.0.0
41 silly idealTree +-- p-map@1.2.0
41 silly idealTree +-- p-try@1.0.0
41 silly idealTree +-- pako@1.0.6
41 silly idealTree +-- parallel-transform@1.1.0
41 silly idealTree +-- param-case@2.1.1
41 silly idealTree +-- parse-asn1@5.1.0
41 silly idealTree +-- parse-glob@3.0.4
41 silly idealTree | +-- is-extglob@1.0.0
41 silly idealTree | `-- is-glob@2.0.1
41 silly idealTree +-- parse-json@2.2.0
41 silly idealTree +-- parse-passwd@1.0.0
41 silly idealTree +-- parse5@3.0.3
41 silly idealTree +-- parsejson@0.0.3
41 silly idealTree +-- parseqs@0.0.5
41 silly idealTree +-- parseuri@0.0.5
41 silly idealTree +-- parseurl@1.3.2
41 silly idealTree +-- path-browserify@0.0.0
41 silly idealTree +-- path-exists@3.0.0
41 silly idealTree +-- path-is-absolute@1.0.1
41 silly idealTree +-- path-is-inside@1.0.2
41 silly idealTree +-- path-key@2.0.1
41 silly idealTree +-- path-parse@1.0.5
41 silly idealTree +-- path-to-regexp@0.1.7
41 silly idealTree +-- path-type@3.0.0
41 silly idealTree +-- pbkdf2@3.0.14
41 silly idealTree +-- performance-now@0.2.0
41 silly idealTree +-- pify@3.0.0
41 silly idealTree +-- pinkie-promise@2.0.1
41 silly idealTree +-- pinkie@2.0.4
41 silly idealTree +-- pkg-dir@2.0.0
41 silly idealTree +-- portfinder@1.0.13
41 silly idealTree | `-- async@1.5.2
41 silly idealTree +-- postcss-calc@5.3.1
41 silly idealTree +-- postcss-colormin@2.2.2
41 silly idealTree +-- postcss-convert-values@2.6.1
41 silly idealTree +-- postcss-discard-comments@2.0.4
41 silly idealTree +-- postcss-discard-duplicates@2.1.0
41 silly idealTree +-- postcss-discard-empty@2.1.0
41 silly idealTree +-- postcss-discard-overridden@0.1.1
41 silly idealTree +-- postcss-discard-unused@2.2.3
41 silly idealTree +-- postcss-filter-plugins@2.0.2
41 silly idealTree +-- postcss-load-config@1.2.0
41 silly idealTree +-- postcss-load-options@1.2.0
41 silly idealTree +-- postcss-load-plugins@2.3.0
41 silly idealTree +-- postcss-loader@1.3.3
41 silly idealTree +-- postcss-merge-idents@2.1.7
41 silly idealTree +-- postcss-merge-longhand@2.0.2
41 silly idealTree +-- postcss-merge-rules@2.1.2
41 silly idealTree +-- postcss-message-helpers@2.0.0
41 silly idealTree +-- postcss-minify-font-values@1.0.5
41 silly idealTree +-- postcss-minify-gradients@1.0.5
41 silly idealTree +-- postcss-minify-params@1.2.2
41 silly idealTree +-- postcss-minify-selectors@2.1.1
41 silly idealTree +-- postcss-modules-extract-imports@1.2.0
41 silly idealTree | +-- has-flag@3.0.0
41 silly idealTree | +-- postcss@6.0.19
41 silly idealTree | +-- source-map@0.6.1
41 silly idealTree | `-- supports-color@5.2.0
41 silly idealTree +-- postcss-modules-local-by-default@1.2.0
41 silly idealTree | +-- has-flag@3.0.0
41 silly idealTree | +-- postcss@6.0.19
41 silly idealTree | +-- source-map@0.6.1
41 silly idealTree | `-- supports-color@5.2.0
41 silly idealTree +-- postcss-modules-scope@1.1.0
41 silly idealTree | +-- has-flag@3.0.0
41 silly idealTree | +-- postcss@6.0.19
41 silly idealTree | +-- source-map@0.6.1
41 silly idealTree | `-- supports-color@5.2.0
41 silly idealTree +-- postcss-modules-values@1.3.0
41 silly idealTree | +-- has-flag@3.0.0
41 silly idealTree | +-- postcss@6.0.19
41 silly idealTree | +-- source-map@0.6.1
41 silly idealTree | `-- supports-color@5.2.0
41 silly idealTree +-- postcss-normalize-charset@1.1.1
41 silly idealTree +-- postcss-normalize-url@3.0.8
41 silly idealTree +-- postcss-ordered-values@2.2.3
41 silly idealTree +-- postcss-reduce-idents@2.4.0
41 silly idealTree +-- postcss-reduce-initial@1.0.1
41 silly idealTree +-- postcss-reduce-transforms@1.0.4
41 silly idealTree +-- postcss-selector-parser@2.2.3
41 silly idealTree +-- postcss-svgo@2.1.6
41 silly idealTree +-- postcss-unique-selectors@2.0.2
41 silly idealTree +-- postcss-url@5.1.2
41 silly idealTree +-- postcss-value-parser@3.3.0
41 silly idealTree +-- postcss-zindex@2.2.0
41 silly idealTree +-- postcss@5.2.18
41 silly idealTree | `-- chalk@1.1.3
41 silly idealTree |   `-- supports-color@2.0.0
41 silly idealTree +-- prepend-http@1.0.4
41 silly idealTree +-- preserve@0.2.0
41 silly idealTree +-- pretty-error@2.1.1
41 silly idealTree +-- process-nextick-args@2.0.0
41 silly idealTree +-- process@0.11.10
41 silly idealTree +-- promise-inflight@1.0.1
41 silly idealTree +-- promise@7.3.1
41 silly idealTree +-- protractor@5.1.2
41 silly idealTree | +-- chalk@1.1.3
41 silly idealTree | +-- del@2.2.2
41 silly idealTree | +-- globby@5.0.0
41 silly idealTree | +-- minimist@0.0.10
41 silly idealTree | +-- optimist@0.6.1
41 silly idealTree | +-- pify@2.3.0
41 silly idealTree | +-- q@1.4.1
41 silly idealTree | +-- supports-color@2.0.0
41 silly idealTree | `-- webdriver-manager@12.0.6
41 silly idealTree |   `-- minimist@1.2.0
41 silly idealTree +-- proxy-addr@2.0.3
41 silly idealTree +-- prr@1.0.1
41 silly idealTree +-- pseudomap@1.0.2
41 silly idealTree +-- public-encrypt@4.0.0
41 silly idealTree +-- pump@2.0.1
41 silly idealTree +-- pumpify@1.4.0
41 silly idealTree +-- punycode@1.4.1
41 silly idealTree +-- q@1.5.1
41 silly idealTree +-- qjobs@1.2.0
41 silly idealTree +-- qs@6.5.1
41 silly idealTree +-- query-string@4.3.4
41 silly idealTree +-- querystring-es3@0.2.1
41 silly idealTree +-- querystring@0.2.0
41 silly idealTree +-- querystringify@0.0.4
41 silly idealTree +-- randomatic@1.1.7
41 silly idealTree | +-- is-number@3.0.0
41 silly idealTree | | `-- kind-of@3.2.2
41 silly idealTree | `-- kind-of@4.0.0
41 silly idealTree +-- randombytes@2.0.6
41 silly idealTree +-- randomfill@1.0.4
41 silly idealTree +-- range-parser@1.2.0
41 silly idealTree +-- raw-body@2.3.2
41 silly idealTree +-- raw-loader@0.5.1
41 silly idealTree +-- read-pkg-up@1.0.1
41 silly idealTree | +-- find-up@1.1.2
41 silly idealTree | `-- path-exists@2.1.0
41 silly idealTree +-- read-pkg@1.1.0
41 silly idealTree | +-- path-type@1.1.0
41 silly idealTree | `-- pify@2.3.0
41 silly idealTree +-- readable-stream@2.3.4
41 silly idealTree +-- readdirp@2.1.0
41 silly idealTree +-- redent@1.0.0
41 silly idealTree +-- reduce-css-calc@1.3.0
41 silly idealTree | `-- balanced-match@0.4.2
41 silly idealTree +-- reduce-function-call@1.0.2
41 silly idealTree | `-- balanced-match@0.4.2
41 silly idealTree +-- reflect-metadata@0.1.12
41 silly idealTree +-- regenerate@1.3.3
41 silly idealTree +-- regenerator-runtime@0.11.1
41 silly idealTree +-- regex-cache@0.4.4
41 silly idealTree +-- regexpu-core@1.0.0
41 silly idealTree +-- regjsgen@0.2.0
41 silly idealTree +-- regjsparser@0.1.5
41 silly idealTree +-- relateurl@0.2.7
41 silly idealTree +-- remove-trailing-separator@1.1.0
41 silly idealTree +-- renderkid@2.0.1
41 silly idealTree | `-- utila@0.3.3
41 silly idealTree +-- repeat-element@1.1.2
41 silly idealTree +-- repeat-string@1.6.1
41 silly idealTree +-- repeating@2.0.1
41 silly idealTree +-- request@2.81.0
41 silly idealTree | `-- qs@6.4.0
41 silly idealTree +-- require-directory@2.1.1
41 silly idealTree +-- require-from-string@1.2.1
41 silly idealTree +-- require-main-filename@1.0.1
41 silly idealTree +-- requires-port@1.0.0
41 silly idealTree +-- resolve@1.5.0
41 silly idealTree +-- right-align@0.1.3
41 silly idealTree +-- rimraf@2.6.2
41 silly idealTree +-- ripemd160@2.0.1
41 silly idealTree +-- run-queue@1.0.3
41 silly idealTree +-- rxjs@5.5.6
41 silly idealTree +-- safe-buffer@5.1.1
41 silly idealTree +-- sass-graph@2.2.4
41 silly idealTree +-- sass-loader@6.0.6
41 silly idealTree +-- saucelabs@1.3.0
41 silly idealTree +-- sax@1.2.4
41 silly idealTree +-- schema-utils@0.3.0
41 silly idealTree +-- scss-tokenizer@0.2.3
41 silly idealTree | `-- source-map@0.4.4
41 silly idealTree +-- select-hose@2.0.0
41 silly idealTree +-- selenium-webdriver@3.0.1
41 silly idealTree | `-- tmp@0.0.30
41 silly idealTree +-- selfsigned@1.10.2
41 silly idealTree +-- semver-dsl@1.0.1
41 silly idealTree +-- semver@5.5.0
41 silly idealTree +-- send@0.16.1
41 silly idealTree +-- serialize-javascript@1.4.0
41 silly idealTree +-- serve-index@1.9.1
41 silly idealTree +-- serve-static@1.13.1
41 silly idealTree +-- set-blocking@2.0.0
41 silly idealTree +-- set-immediate-shim@1.0.1
41 silly idealTree +-- setimmediate@1.0.5
41 silly idealTree +-- setprototypeof@1.1.0
41 silly idealTree +-- sha.js@2.4.10
41 silly idealTree +-- shallow-clone@0.1.2
41 silly idealTree | `-- kind-of@2.0.1
41 silly idealTree +-- shebang-command@1.2.0
41 silly idealTree +-- shebang-regex@1.0.0
41 silly idealTree +-- signal-exit@3.0.2
41 silly idealTree +-- silent-error@1.1.0
41 silly idealTree +-- slash@1.0.0
41 silly idealTree +-- sntp@1.0.9
41 silly idealTree +-- socket.io-adapter@0.5.0
41 silly idealTree | +-- debug@2.3.3
41 silly idealTree | `-- ms@0.7.2
41 silly idealTree +-- socket.io-client@1.7.3
41 silly idealTree | +-- component-emitter@1.2.1
41 silly idealTree | +-- debug@2.3.3
41 silly idealTree | `-- ms@0.7.2
41 silly idealTree +-- socket.io-parser@2.3.1
41 silly idealTree | +-- debug@2.2.0
41 silly idealTree | +-- isarray@0.0.1
41 silly idealTree | `-- ms@0.7.1
41 silly idealTree +-- socket.io@1.7.3
41 silly idealTree | +-- debug@2.3.3
41 silly idealTree | +-- ms@0.7.2
41 silly idealTree | `-- object-assign@4.1.0
41 silly idealTree +-- sockjs-client@1.1.4
41 silly idealTree | `-- faye-websocket@0.11.1
41 silly idealTree +-- sockjs@0.3.18
41 silly idealTree | `-- uuid@2.0.3
41 silly idealTree +-- sort-keys@1.1.2
41 silly idealTree +-- source-list-map@2.0.0
41 silly idealTree +-- source-map-loader@0.2.3
41 silly idealTree | +-- loader-utils@0.2.17
41 silly idealTree | `-- source-map@0.6.1
41 silly idealTree +-- source-map-support@0.4.18
41 silly idealTree +-- source-map@0.5.7
41 silly idealTree +-- spdx-correct@1.0.2
41 silly idealTree +-- spdx-expression-parse@1.0.4
41 silly idealTree +-- spdx-license-ids@1.2.2
41 silly idealTree +-- spdy-transport@2.0.20
41 silly idealTree +-- spdy@3.4.7
41 silly idealTree +-- sprintf-js@1.0.3
41 silly idealTree +-- sshpk@1.13.1
41 silly idealTree | `-- assert-plus@1.0.0
41 silly idealTree +-- ssri@5.2.4
41 silly idealTree +-- statuses@1.3.1
41 silly idealTree +-- stdout-stream@1.4.0
41 silly idealTree +-- stream-browserify@2.0.1
41 silly idealTree +-- stream-each@1.2.2
41 silly idealTree +-- stream-http@2.8.0
41 silly idealTree +-- stream-shift@1.0.0
41 silly idealTree +-- strict-uri-encode@1.1.0
41 silly idealTree +-- string_decoder@1.0.3
41 silly idealTree +-- string-width@1.0.2
41 silly idealTree +-- stringstream@0.0.5
41 silly idealTree +-- strip-ansi@3.0.1
41 silly idealTree +-- strip-bom@2.0.0
41 silly idealTree +-- strip-eof@1.0.0
41 silly idealTree +-- strip-indent@1.0.1
41 silly idealTree +-- strip-json-comments@2.0.1
41 silly idealTree +-- style-loader@0.13.2
41 silly idealTree +-- stylus-loader@3.0.1
41 silly idealTree +-- stylus@0.54.5
41 silly idealTree | +-- glob@7.0.6
41 silly idealTree | +-- sax@0.5.8
41 silly idealTree | `-- source-map@0.1.43
41 silly idealTree +-- supports-color@3.2.3
41 silly idealTree +-- svgo@0.7.2
41 silly idealTree +-- symbol-observable@1.0.1
41 silly idealTree +-- tapable@0.2.8
41 silly idealTree +-- tar@2.2.1
41 silly idealTree +-- through@2.3.8
41 silly idealTree +-- through2@2.0.3
41 silly idealTree +-- thunky@1.0.2
41 silly idealTree +-- time-stamp@2.0.0
41 silly idealTree +-- timers-browserify@2.0.6
41 silly idealTree +-- tmp@0.0.31
41 silly idealTree +-- to-array@0.1.4
41 silly idealTree +-- to-arraybuffer@1.0.1
41 silly idealTree +-- to-fast-properties@1.0.3
41 silly idealTree +-- toposort@1.0.6
41 silly idealTree +-- tough-cookie@2.3.3
41 silly idealTree +-- trim-newlines@1.0.0
41 silly idealTree +-- trim-right@1.0.1
41 silly idealTree +-- true-case-path@1.0.2
41 silly idealTree | `-- glob@6.0.4
41 silly idealTree +-- ts-node@3.2.2
41 silly idealTree +-- tsconfig@6.0.0
41 silly idealTree | `-- strip-bom@3.0.0
41 silly idealTree +-- tsickle@0.21.6
41 silly idealTree +-- tslib@1.9.0
41 silly idealTree +-- tslint@5.7.0
41 silly idealTree +-- tsutils@2.21.2
41 silly idealTree +-- tty-browserify@0.0.0
41 silly idealTree +-- tunnel-agent@0.6.0
41 silly idealTree +-- tweetnacl@0.14.5
41 silly idealTree +-- type-is@1.6.16
41 silly idealTree +-- typedarray@0.0.6
41 silly idealTree +-- typescript@2.3.4
41 silly idealTree +-- uglify-js@3.3.12
41 silly idealTree | `-- source-map@0.6.1
41 silly idealTree +-- uglify-to-browserify@1.0.2
41 silly idealTree +-- uglifyjs-webpack-plugin@0.4.6
41 silly idealTree | +-- camelcase@1.2.1
41 silly idealTree | +-- cliui@2.1.0
41 silly idealTree | +-- uglify-js@2.8.29
41 silly idealTree | +-- wordwrap@0.0.2
41 silly idealTree | `-- yargs@3.10.0
41 silly idealTree +-- ultron@1.0.2
41 silly idealTree +-- uniq@1.0.1
41 silly idealTree +-- uniqid@4.1.1
41 silly idealTree +-- uniqs@2.0.0
41 silly idealTree +-- unique-filename@1.1.0
41 silly idealTree +-- unique-slug@2.0.0
41 silly idealTree +-- universalify@0.1.1
41 silly idealTree +-- unpipe@1.0.0
41 silly idealTree +-- upper-case@1.1.3
41 silly idealTree +-- url-loader@0.6.2
41 silly idealTree +-- url-parse@1.2.0
41 silly idealTree | `-- querystringify@1.0.0
41 silly idealTree +-- url-toolkit@2.1.4
41 silly idealTree +-- url@0.11.0
41 silly idealTree | `-- punycode@1.3.2
41 silly idealTree +-- useragent@2.3.0
41 silly idealTree +-- util-deprecate@1.0.2
41 silly idealTree +-- util@0.10.3
41 silly idealTree | `-- inherits@2.0.1
41 silly idealTree +-- utila@0.4.0
41 silly idealTree +-- utils-merge@1.0.1
41 silly idealTree +-- uuid@3.2.1
41 silly idealTree +-- v8flags@3.0.1
41 silly idealTree +-- validate-npm-package-license@3.0.1
41 silly idealTree +-- vary@1.1.2
41 silly idealTree +-- vendors@1.0.1
41 silly idealTree +-- verror@1.10.0
41 silly idealTree | `-- assert-plus@1.0.0
41 silly idealTree +-- vlq@0.2.3
41 silly idealTree +-- vm-browserify@0.0.4
41 silly idealTree +-- void-elements@2.0.1
41 silly idealTree +-- watchpack@1.4.0
41 silly idealTree +-- wbuf@1.7.2
41 silly idealTree +-- webdriver-js-extender@1.0.0
41 silly idealTree | +-- adm-zip@0.4.4
41 silly idealTree | +-- sax@0.6.1
41 silly idealTree | +-- selenium-webdriver@2.53.3
41 silly idealTree | +-- tmp@0.0.24
41 silly idealTree | `-- xml2js@0.4.4
41 silly idealTree +-- webpack-concat-plugin@1.4.0
41 silly idealTree | +-- camelcase@1.2.1
41 silly idealTree | +-- cliui@2.1.0
41 silly idealTree | +-- uglify-js@2.8.29
41 silly idealTree | +-- wordwrap@0.0.2
41 silly idealTree | `-- yargs@3.10.0
41 silly idealTree +-- webpack-dev-middleware@1.12.2
41 silly idealTree | `-- mime@1.6.0
41 silly idealTree +-- webpack-dev-server@2.7.1
41 silly idealTree | +-- camelcase@3.0.0
41 silly idealTree | +-- opn@4.0.2
41 silly idealTree | +-- y18n@3.2.1
41 silly idealTree | +-- yargs-parser@4.2.1
41 silly idealTree | `-- yargs@6.6.0
41 silly idealTree +-- webpack-merge@4.1.1
41 silly idealTree +-- webpack-sources@1.1.0
41 silly idealTree | `-- source-map@0.6.1
41 silly idealTree +-- webpack@3.7.1
41 silly idealTree | +-- ajv-keywords@2.1.1
41 silly idealTree | +-- ansi-regex@3.0.0
41 silly idealTree | +-- camelcase@4.1.0
41 silly idealTree | +-- has-flag@2.0.0
41 silly idealTree | +-- is-fullwidth-code-point@2.0.0
41 silly idealTree | +-- load-json-file@2.0.0
41 silly idealTree | +-- os-locale@2.1.0
41 silly idealTree | +-- path-type@2.0.0
41 silly idealTree | +-- pify@2.3.0
41 silly idealTree | +-- read-pkg-up@2.0.0
41 silly idealTree | +-- read-pkg@2.0.0
41 silly idealTree | +-- string-width@2.1.1
41 silly idealTree | +-- strip-ansi@4.0.0
41 silly idealTree | +-- strip-bom@3.0.0
41 silly idealTree | +-- supports-color@4.5.0
41 silly idealTree | +-- which-module@2.0.0
41 silly idealTree | +-- y18n@3.2.1
41 silly idealTree | +-- yargs-parser@7.0.0
41 silly idealTree | `-- yargs@8.0.2
41 silly idealTree +-- websocket-driver@0.7.0
41 silly idealTree +-- websocket-extensions@0.1.3
41 silly idealTree +-- when@3.6.4
41 silly idealTree +-- whet.extend@0.9.9
41 silly idealTree +-- which-module@1.0.0
41 silly idealTree +-- which@1.3.0
41 silly idealTree +-- wide-align@1.1.2
41 silly idealTree +-- window-size@0.1.0
41 silly idealTree +-- wordwrap@0.0.3
41 silly idealTree +-- wrap-ansi@2.1.0
41 silly idealTree +-- wrappy@1.0.2
41 silly idealTree +-- ws@1.1.2
41 silly idealTree +-- wtf-8@1.0.0
41 silly idealTree +-- xhr2@0.1.4
41 silly idealTree +-- xml-char-classes@1.0.0
41 silly idealTree +-- xml2js@0.4.19
41 silly idealTree +-- xmlbuilder@9.0.7
41 silly idealTree +-- xmldom@0.1.27
41 silly idealTree +-- xmlhttprequest-ssl@1.5.3
41 silly idealTree +-- xtend@4.0.1
41 silly idealTree +-- y18n@4.0.0
41 silly idealTree +-- yallist@2.1.2
41 silly idealTree +-- yargs-parser@5.0.0
41 silly idealTree | `-- camelcase@3.0.0
41 silly idealTree +-- yargs@7.1.0
41 silly idealTree | +-- camelcase@3.0.0
41 silly idealTree | `-- y18n@3.2.1
41 silly idealTree +-- yeast@0.1.2
41 silly idealTree +-- yn@2.0.0
41 silly idealTree `-- zone.js@0.8.20
42 silly generateActionsToTake Starting
43 silly install generateActionsToTake
44 silly generateActionsToTake Finishing
45 silly diffTrees action count 0
46 silly decomposeActions action count 0
47 silly runTopLevelLifecycles Starting
48 silly install runPreinstallTopLevelLifecycles
49 silly preinstall web@0.0.0 D:\_projects\Shape-me\Web\web-6bff3274
50 info lifecycle web@0.0.0~preinstall: web@0.0.0
51 silly lifecycle web@0.0.0~preinstall: no script for preinstall, continuing
52 silly executeActions Starting
53 silly install executeActions
54 silly doSerial global-install 0
55 silly doParallel fetch 0
56 verbose correctMkdir C:\Users\pavel.pontus\AppData\Roaming\npm-cache\_locks correctMkdir not in flight; initializing
57 verbose makeDirectory C:\Users\pavel.pontus\AppData\Roaming\npm-cache\_locks creation not in flight; initializing
58 verbose makeCacheDir UID & GID are irrelevant on win32
59 verbose lock using C:\Users\pavel.pontus\AppData\Roaming\npm-cache\_locks\staging-6d6df198bd5d5ed3.lock for D:\_projects\Shape-me\Web\node_modules\.staging
60 silly doParallel extract 0
61 silly doParallel preinstall 0
62 silly doReverseSerial remove 0
63 silly doSerial move 0
64 silly doSerial finalize 0
65 silly doSerial build 0
66 silly doSerial global-link 0
67 silly doParallel update-linked 0
68 silly doSerial install 0
69 silly doSerial postinstall 0
70 verbose unlock done using C:\Users\pavel.pontus\AppData\Roaming\npm-cache\_locks\staging-6d6df198bd5d5ed3.lock for D:\_projects\Shape-me\Web\node_modules\.staging
71 silly executeActions Finishing
72 silly rollbackFailedOptional Starting
73 silly rollbackFailedOptional Finishing
74 silly install runPostinstallTopLevelLifecycles
75 silly build web@0.0.0
76 info linkStuff web@0.0.0
77 silly linkStuff web@0.0.0 has D:\_projects\Shape-me as its parent node_modules
78 verbose linkBins web@0.0.0
79 verbose linkMans web@0.0.0
80 silly install web@0.0.0 D:\_projects\Shape-me\Web\web-6bff3274
81 info lifecycle web@0.0.0~install: web@0.0.0
82 silly lifecycle web@0.0.0~install: no script for install, continuing
83 silly postinstall web@0.0.0 D:\_projects\Shape-me\Web\web-6bff3274
84 info lifecycle web@0.0.0~postinstall: web@0.0.0
85 verbose lifecycle web@0.0.0~postinstall: unsafe-perm in lifecycle true
86 verbose lifecycle web@0.0.0~postinstall: PATH: D:\installed programs\nodejs\node_modules\npm\bin\node-gyp-bin;D:\_projects\Shape-me\Web\node_modules\.bin;C:\WINDOWS\system32;C:\WINDOWS;C:\WINDOWS\System32\Wbem;C:\WINDOWS\System32\WindowsPowerShell\v1.0\;C:\Windows\CCM;C:\Program Files\Microsoft SQL Server\130\Tools\Binn\;C:\Program Files\dotnet\;C:\Program Files (x86)\Skype\Phone\;C:\Program Files\Microsoft SQL Server\120\DTS\Binn\;C:\Program Files\Microsoft SQL Server\Client SDK\ODBC\110\Tools\Binn\;C:\Program Files (x86)\Microsoft SQL Server\120\Tools\Binn\;C:\Program Files\Microsoft SQL Server\120\Tools\Binn\;C:\Program Files (x86)\Microsoft SQL Server\120\Tools\Binn\ManagementStudio\;C:\Program Files (x86)\Microsoft SQL Server\120\DTS\Binn\;D:\installed programs\nodejs\;C:\Program Files\TortoiseSVN\bin;C:\Program Files\Git\cmd;C:\Users\pavel.pontus\AppData\Roaming\npm;D:\installed programs\VS Code\bin
87 verbose lifecycle web@0.0.0~postinstall: CWD: D:\_projects\Shape-me\Web
88 silly lifecycle web@0.0.0~postinstall: Args: [ '/d /s /c', 'npm run build' ]
89 silly lifecycle web@0.0.0~postinstall: Returned: code: 1  signal: null
90 info lifecycle web@0.0.0~postinstall: Failed to exec postinstall script
91 warn optional SKIPPING OPTIONAL DEPENDENCY: fsevents@^1.0.0 (node_modules\chokidar\node_modules\fsevents):
92 warn notsup SKIPPING OPTIONAL DEPENDENCY: Unsupported platform for fsevents@1.1.3: wanted {"os":"darwin","arch":"any"} (current: {"os":"win32","arch":"x64"})
93 verbose notsup SKIPPING OPTIONAL DEPENDENCY: Valid OS:    darwin
93 verbose notsup SKIPPING OPTIONAL DEPENDENCY: Valid Arch:  any
93 verbose notsup SKIPPING OPTIONAL DEPENDENCY: Actual OS:   win32
93 verbose notsup SKIPPING OPTIONAL DEPENDENCY: Actual Arch: x64
94 warn ajv-keywords@3.1.0 requires a peer of ajv@^6.0.0 but none was installed.
95 verbose If you need help, you may report this error at:
95 verbose     <https://github.com/npm/npm/issues>
96 warn bootstrap@4.0.0 requires a peer of jquery@1.9.1 - 3 but none was installed.
97 verbose If you need help, you may report this error at:
97 verbose     <https://github.com/npm/npm/issues>
98 warn bootstrap@4.0.0 requires a peer of popper.js@^1.12.9 but none was installed.
99 verbose If you need help, you may report this error at:
99 verbose     <https://github.com/npm/npm/issues>
100 verbose stack Error: web@0.0.0 postinstall: `npm run build`
100 verbose stack Exit status 1
100 verbose stack     at EventEmitter.<anonymous> (D:\installed programs\nodejs\node_modules\npm\lib\utils\lifecycle.js:255:16)
100 verbose stack     at emitTwo (events.js:106:13)
100 verbose stack     at EventEmitter.emit (events.js:191:7)
100 verbose stack     at ChildProcess.<anonymous> (D:\installed programs\nodejs\node_modules\npm\lib\utils\spawn.js:40:14)
100 verbose stack     at emitTwo (events.js:106:13)
100 verbose stack     at ChildProcess.emit (events.js:191:7)
100 verbose stack     at maybeClose (internal/child_process.js:891:16)
100 verbose stack     at Process.ChildProcess._handle.onexit (internal/child_process.js:226:5)
101 verbose pkgid web@0.0.0
102 verbose cwd D:\_projects\Shape-me\Web
103 error Windows_NT 6.1.7601
104 error argv "D:\\installed programs\\nodejs\\node.exe" "D:\\installed programs\\nodejs\\node_modules\\npm\\bin\\npm-cli.js" "install"
105 error node v6.11.2
106 error npm  v3.10.10
107 error code ELIFECYCLE
108 error web@0.0.0 postinstall: `npm run build`
108 error Exit status 1
109 error Failed at the web@0.0.0 postinstall script 'npm run build'.
109 error Make sure you have the latest version of node.js and npm installed.
109 error If you do, this is most likely a problem with the web package,
109 error not with npm itself.
109 error Tell the author that this fails on your system:
109 error     npm run build
109 error You can get information on how to open an issue for this project with:
109 error     npm bugs web
109 error Or if that isn't available, you can get their info via:
109 error     npm owner ls web
109 error There is likely additional logging output above.
110 verbose exit [ 1, true ]
